2022-06-16 00:00:00,031 INFO com.azure.cosmos.implementation.RxDocumentClientImpl [restartedMain] Initializing DocumentClient [21] with serviceEndpoint [https://jokeproject.documents.azure.com:443/], connectionPolicy [ConnectionPolicy{httpNetworkRequestTimeout=PT1M, tcpNetworkRequestTimeout=PT5S, connectionMode=DIRECT, maxConnectionPoolSize=1000, idleHttpConnectionTimeout=PT1M, idleTcpConnectionTimeout=PT0S, userAgentSuffix='az-sd-cos/3.21.0', throttlingRetryOptions=RetryOptions{maxRetryAttemptsOnThrottledRequests=9, maxRetryWaitTime=PT30S}, endpointDiscoveryEnabled=true, preferredRegions=null, multipleWriteRegionsEnabled=true, proxyType=null, inetSocketProxyAddress=null, readRequestsFallbackEnabled=true, connectTimeout=PT5S, idleTcpEndpointTimeout=PT1H, maxConnectionsPerEndpoint=130, maxRequestsPerConnection=30, tcpConnectionEndpointRediscoveryEnabled=true, clientTelemetryEnabled=false}], consistencyLevel [null], directModeProtocol [Tcp]
2022-06-16 00:00:00,210 INFO com.azure.cosmos.implementation.RxDocumentClientImpl$1 [cosmos-parallel-3] Getting database account endpoint from https://jokeproject.documents.azure.com:443/
2022-06-16 00:00:00,500 INFO com.azure.cosmos.implementation.directconnectivity.rntbd.RntbdServiceEndpoint$RntbdEndpointMonitoringProvider [restartedMain] Starting RntbdClientChannelPoolMonitoringProvider ...
2022-06-16 00:00:00,514 INFO org.springframework.boot.devtools.autoconfigure.OptionalLiveReloadServer [restartedMain] LiveReload server is running on port 35729
2022-06-16 00:00:01,319 WARN org.springframework.boot.autoconfigure.orm.jpa.JpaBaseConfiguration$JpaWebConfiguration [restartedMain] spring.jpa.open-in-view is enabled by default. Therefore, database queries may be performed during view rendering. Explicitly configure spring.jpa.open-in-view to disable this warning
2022-06-16 00:00:01,462 INFO com.azure.spring.cloud.core.implementation.factory.AbstractAzureServiceClientBuilderFactory [restartedMain] Will configure the default credential of type DefaultAzureCredential for class com.azure.identity.DefaultAzureCredentialBuilder.
2022-06-16 00:00:01,534 INFO org.apache.juli.logging.DirectJDKLog [restartedMain] Starting ProtocolHandler ["http-nio-8080"]
2022-06-16 00:00:01,539 INFO org.springframework.boot.web.embedded.tomcat.TomcatWebServer [restartedMain] Tomcat started on port(s): 8080 (http) with context path ''
2022-06-16 00:00:01,544 INFO org.springframework.boot.StartupInfoLogger [restartedMain] Started SpaBackendApplication in 2.623 seconds (JVM running for 592.716)
2022-06-16 00:00:01,546 INFO org.springframework.boot.devtools.autoconfigure.ConditionEvaluationDeltaLoggingListener [restartedMain] Condition evaluation unchanged
2022-06-16 00:00:01,547 INFO com.azure.cosmos.implementation.RxDocumentClientImpl [restartedMain] Initializing DocumentClient [22] with serviceEndpoint [https://jokeproject.documents.azure.com:443/], connectionPolicy [ConnectionPolicy{httpNetworkRequestTimeout=PT1M, tcpNetworkRequestTimeout=PT5S, connectionMode=DIRECT, maxConnectionPoolSize=1000, idleHttpConnectionTimeout=PT1M, idleTcpConnectionTimeout=PT0S, userAgentSuffix='', throttlingRetryOptions=RetryOptions{maxRetryAttemptsOnThrottledRequests=9, maxRetryWaitTime=PT30S}, endpointDiscoveryEnabled=true, preferredRegions=null, multipleWriteRegionsEnabled=true, proxyType=null, inetSocketProxyAddress=null, readRequestsFallbackEnabled=true, connectTimeout=PT5S, idleTcpEndpointTimeout=PT1H, maxConnectionsPerEndpoint=130, maxRequestsPerConnection=30, tcpConnectionEndpointRediscoveryEnabled=true, clientTelemetryEnabled=false}], consistencyLevel [null], directModeProtocol [Tcp]
2022-06-16 00:00:01,549 INFO com.azure.cosmos.implementation.RxDocumentClientImpl$1 [cosmos-parallel-2] Getting database account endpoint from https://jokeproject.documents.azure.com:443/
2022-06-16 00:00:01,889 INFO com.azure.cosmos.implementation.directconnectivity.rntbd.RntbdServiceEndpoint$RntbdEndpointMonitoringProvider [restartedMain] Starting RntbdClientChannelPoolMonitoringProvider ...
2022-06-16 00:00:21,149 INFO com.azure.cosmos.implementation.clienttelemetry.ClientTelemetry [reactor-http-kqueue-2] Client is not on azure vm
2022-06-16 00:00:22,477 INFO com.azure.cosmos.implementation.clienttelemetry.ClientTelemetry [reactor-http-kqueue-1] Client is not on azure vm
2022-06-16 00:00:23,365 INFO com.azure.cosmos.implementation.RxDocumentClientImpl$1 [cosmos-parallel-1] Getting database account endpoint from https://jokeproject.documents.azure.com:443/
2022-06-16 00:00:45,500 INFO com.azure.cosmos.implementation.clienttelemetry.ClientTelemetry [reactor-http-kqueue-4] Client is not on azure vm
2022-06-16 00:00:46,891 INFO com.azure.cosmos.implementation.clienttelemetry.ClientTelemetry [reactor-http-kqueue-3] Client is not on azure vm
2022-06-16 00:01:16,695 INFO com.azure.cosmos.implementation.RxDocumentClientImpl$1 [cosmos-parallel-2] Getting database account endpoint from https://jokeproject.documents.azure.com:443/
2022-06-16 00:01:25,652 INFO com.azure.cosmos.implementation.RxDocumentClientImpl [Thread-47] Attempting to close client 21
2022-06-16 00:01:25,654 INFO com.azure.cosmos.implementation.RxDocumentClientImpl [Thread-47] Shutting down ...
2022-06-16 00:01:25,654 INFO com.azure.cosmos.implementation.RxDocumentClientImpl [Thread-47] Closing Global Endpoint Manager ...
2022-06-16 00:01:25,654 INFO com.azure.cosmos.implementation.RxDocumentClientImpl [Thread-47] Closing StoreClientFactory ...
2022-06-16 00:01:25,654 INFO com.azure.cosmos.implementation.directconnectivity.rntbd.RntbdServiceEndpoint$RntbdEndpointMonitoringProvider [Thread-47] Shutting down RntbdClientChannelPoolMonitoringProvider ...
2022-06-16 00:01:25,656 INFO com.azure.cosmos.implementation.RxDocumentClientImpl [Thread-47] Shutting down reactorHttpClient ...
2022-06-16 00:01:25,657 INFO com.azure.cosmos.implementation.RxDocumentClientImpl [Thread-47] Shutting down CpuMonitor ...
2022-06-16 00:01:25,657 INFO com.azure.cosmos.implementation.RxDocumentClientImpl [Thread-47] Shutting down completed.
2022-06-16 00:01:25,656 WARN com.azure.cosmos.implementation.directconnectivity.rntbd.RntbdConnectionStateListener [cosmos-rntbd-nio-22-4] Endpoint closed while onConnectionEvent: RntbdServiceEndpoint({"id":75,"closed":true,"concurrentRequests":0,"remoteAddress":"cdb-ms-prod-westus1-fd73.documents.azure.com/<unresolved>:11308","channelPool":{"remoteAddress":"cdb-ms-prod-westus1-fd73.documents.azure.com/<unresolved>:11308","isClosed":true,"configuration":{"maxChannels":130,"maxRequestsPerChannel":30,"idleConnectionTimeout":0,"readDelayLimit":65000000000,"writeDelayLimit":10000000000},"state":{"channelsAcquired":0,"channelsAvailable":0,"requestQueueLength":0}},"transportClient":{"id":21,"closed":true,"endpointCount":0,"endpointEvictionCount":2}})
2022-06-16 00:01:25,656 WARN com.azure.cosmos.implementation.directconnectivity.rntbd.RntbdConnectionStateListener [cosmos-rntbd-nio-22-2] Endpoint closed while onConnectionEvent: RntbdServiceEndpoint({"id":74,"closed":true,"concurrentRequests":0,"remoteAddress":"cdb-ms-prod-westus1-fd73.documents.azure.com/<unresolved>:11307","channelPool":{"remoteAddress":"cdb-ms-prod-westus1-fd73.documents.azure.com/<unresolved>:11307","isClosed":true,"configuration":{"maxChannels":130,"maxRequestsPerChannel":30,"idleConnectionTimeout":0,"readDelayLimit":65000000000,"writeDelayLimit":10000000000},"state":{"channelsAcquired":0,"channelsAvailable":0,"requestQueueLength":0}},"transportClient":{"id":21,"closed":true,"endpointCount":0,"endpointEvictionCount":2}})
2022-06-16 00:01:25,657 INFO org.springframework.orm.jpa.AbstractEntityManagerFactoryBean [Thread-47] Closing JPA EntityManagerFactory for persistence unit 'default'
2022-06-16 00:01:25,660 INFO com.zaxxer.hikari.HikariDataSource [Thread-47] HikariPool-11 - Shutdown initiated...
2022-06-16 00:01:25,662 INFO com.zaxxer.hikari.HikariDataSource [Thread-47] HikariPool-11 - Shutdown completed.
2022-06-16 00:01:26,224 INFO org.springframework.boot.StartupInfoLogger [restartedMain] Starting SpaBackendApplication using Java 17.0.2 on MacBook-Air.attlocal.net with PID 81478 (/Users/devinlewis/eclipse-workspace/Group/spa-backend/target/classes started by devinlewis in /Users/devinlewis/eclipse-workspace/Group/spa-backend)
2022-06-16 00:01:26,225 INFO org.springframework.boot.SpringApplication [restartedMain] No active profile set, falling back to 1 default profile: "default"
2022-06-16 00:01:26,416 INFO org.springframework.data.repository.config.RepositoryConfigurationDelegate [restartedMain] Multiple Spring Data modules found, entering strict repository configuration mode!
2022-06-16 00:01:26,417 INFO org.springframework.data.repository.config.RepositoryConfigurationDelegate [restartedMain] Bootstrapping Spring Data cosmos repositories in DEFAULT mode.
2022-06-16 00:01:26,422 INFO org.springframework.data.repository.config.RepositoryConfigurationExtensionSupport [restartedMain] Spring Data cosmos - Could not safely identify store assignment for repository candidate interface com.bigshots.spabackend.repo.JokeKeywordRepo. If you want this repository to be a cosmos repository, consider extending one of the following types with your repository: com.azure.spring.data.cosmos.repository.CosmosRepository.
2022-06-16 00:01:26,423 INFO org.springframework.data.repository.config.RepositoryConfigurationExtensionSupport [restartedMain] Spring Data cosmos - Could not safely identify store assignment for repository candidate interface com.bigshots.spabackend.repo.JokeRepo. If you want this repository to be a cosmos repository, consider extending one of the following types with your repository: com.azure.spring.data.cosmos.repository.CosmosRepository.
2022-06-16 00:01:26,425 INFO org.springframework.data.repository.config.RepositoryConfigurationExtensionSupport [restartedMain] Spring Data cosmos - Could not safely identify store assignment for repository candidate interface com.bigshots.spabackend.repo.UserRepo. If you want this repository to be a cosmos repository, consider extending one of the following types with your repository: com.azure.spring.data.cosmos.repository.CosmosRepository.
2022-06-16 00:01:26,425 INFO org.springframework.data.repository.config.RepositoryConfigurationDelegate [restartedMain] Finished Spring Data repository scanning in 7 ms. Found 0 cosmos repository interfaces.
2022-06-16 00:01:26,443 INFO org.springframework.data.repository.config.RepositoryConfigurationDelegate [restartedMain] Multiple Spring Data modules found, entering strict repository configuration mode!
2022-06-16 00:01:26,443 INFO org.springframework.data.repository.config.RepositoryConfigurationDelegate [restartedMain] Bootstrapping Spring Data cosmos repositories in DEFAULT mode.
2022-06-16 00:01:26,448 INFO org.springframework.data.repository.config.RepositoryConfigurationExtensionSupport [restartedMain] Spring Data cosmos - Could not safely identify store assignment for repository candidate interface com.bigshots.spabackend.repo.JokeRepo. If you want this repository to be a cosmos repository, consider extending one of the following types with your repository: com.azure.spring.data.cosmos.repository.ReactiveCosmosRepository.
2022-06-16 00:01:26,448 INFO org.springframework.data.repository.config.RepositoryConfigurationExtensionSupport [restartedMain] Spring Data cosmos - Could not safely identify store assignment for repository candidate interface com.bigshots.spabackend.repo.UserRepo. If you want this repository to be a cosmos repository, consider extending one of the following types with your repository: com.azure.spring.data.cosmos.repository.ReactiveCosmosRepository.
2022-06-16 00:01:26,451 INFO org.springframework.data.repository.config.RepositoryConfigurationDelegate [restartedMain] Finished Spring Data repository scanning in 7 ms. Found 1 cosmos repository interfaces.
2022-06-16 00:01:26,467 INFO org.springframework.data.repository.config.RepositoryConfigurationDelegate [restartedMain] Multiple Spring Data modules found, entering strict repository configuration mode!
2022-06-16 00:01:26,467 INFO org.springframework.data.repository.config.RepositoryConfigurationDelegate [restartedMain] Bootstrapping Spring Data JPA repositories in DEFAULT mode.
2022-06-16 00:01:26,471 INFO org.springframework.data.repository.config.RepositoryConfigurationExtensionSupport [restartedMain] Spring Data JPA - Could not safely identify store assignment for repository candidate interface com.bigshots.spabackend.repo.JokeKeywordRepo. If you want this repository to be a JPA repository, consider annotating your entities with one of these annotations: javax.persistence.Entity, javax.persistence.MappedSuperclass (preferred), or consider extending one of the following types with your repository: org.springframework.data.jpa.repository.JpaRepository.
2022-06-16 00:01:26,477 INFO org.springframework.data.repository.config.RepositoryConfigurationDelegate [restartedMain] Finished Spring Data repository scanning in 9 ms. Found 2 JPA repository interfaces.
2022-06-16 00:01:26,599 INFO org.springframework.boot.web.embedded.tomcat.TomcatWebServer [restartedMain] Tomcat initialized with port(s): 8080 (http)
2022-06-16 00:01:26,613 INFO org.apache.juli.logging.DirectJDKLog [restartedMain] Initializing ProtocolHandler ["http-nio-8080"]
2022-06-16 00:01:26,614 INFO org.apache.juli.logging.DirectJDKLog [restartedMain] Starting service [Tomcat]
2022-06-16 00:01:26,614 INFO org.apache.juli.logging.DirectJDKLog [restartedMain] Starting Servlet engine: [Apache Tomcat/9.0.63]
2022-06-16 00:01:26,642 INFO org.apache.juli.logging.DirectJDKLog [restartedMain] Initializing Spring embedded WebApplicationContext
2022-06-16 00:01:26,642 INFO org.springframework.boot.web.servlet.context.ServletWebServerApplicationContext [restartedMain] Root WebApplicationContext: initialization completed in 414 ms
2022-06-16 00:01:26,681 INFO org.hibernate.jpa.internal.util.LogHelper [restartedMain] HHH000204: Processing PersistenceUnitInfo [name: default]
2022-06-16 00:01:26,688 INFO com.zaxxer.hikari.HikariDataSource [restartedMain] HikariPool-12 - Starting...
2022-06-16 00:01:26,696 INFO com.zaxxer.hikari.HikariDataSource [restartedMain] HikariPool-12 - Start completed.
2022-06-16 00:01:26,697 INFO org.hibernate.dialect.Dialect [restartedMain] HHH000400: Using dialect: org.hibernate.dialect.MySQL8Dialect
2022-06-16 00:01:26,714 INFO org.hibernate.tuple.PojoInstantiator [restartedMain] HHH000182: No default (no-argument) constructor for class: com.bigshots.spabackend.model.Joke (class must be instantiated by Interceptor)
2022-06-16 00:01:26,733 INFO org.hibernate.tuple.PojoInstantiator [restartedMain] HHH000182: No default (no-argument) constructor for class: com.bigshots.spabackend.model.User (class must be instantiated by Interceptor)
2022-06-16 00:01:26,826 INFO org.hibernate.engine.transaction.jta.platform.internal.JtaPlatformInitiator [restartedMain] HHH000490: Using JtaPlatform implementation: [org.hibernate.engine.transaction.jta.platform.internal.NoJtaPlatform]
2022-06-16 00:01:26,826 INFO org.springframework.orm.jpa.AbstractEntityManagerFactoryBean [restartedMain] Initialized JPA EntityManagerFactory for persistence unit 'default'
2022-06-16 00:01:26,893 WARN com.azure.cosmos.implementation.GlobalEndpointManager [cosmos-parallel-5] client already closed
2022-06-16 00:01:26,978 INFO com.azure.cosmos.implementation.RxDocumentClientImpl [restartedMain] Initializing DocumentClient [23] with serviceEndpoint [https://jokeproject.documents.azure.com:443/], connectionPolicy [ConnectionPolicy{httpNetworkRequestTimeout=PT1M, tcpNetworkRequestTimeout=PT5S, connectionMode=DIRECT, maxConnectionPoolSize=1000, idleHttpConnectionTimeout=PT1M, idleTcpConnectionTimeout=PT0S, userAgentSuffix='az-sd-cos/3.21.0', throttlingRetryOptions=RetryOptions{maxRetryAttemptsOnThrottledRequests=9, maxRetryWaitTime=PT30S}, endpointDiscoveryEnabled=true, preferredRegions=null, multipleWriteRegionsEnabled=true, proxyType=null, inetSocketProxyAddress=null, readRequestsFallbackEnabled=true, connectTimeout=PT5S, idleTcpEndpointTimeout=PT1H, maxConnectionsPerEndpoint=130, maxRequestsPerConnection=30, tcpConnectionEndpointRediscoveryEnabled=true, clientTelemetryEnabled=false}], consistencyLevel [null], directModeProtocol [Tcp]
2022-06-16 00:01:26,981 INFO com.azure.cosmos.implementation.RxDocumentClientImpl$1 [cosmos-parallel-3] Getting database account endpoint from https://jokeproject.documents.azure.com:443/
2022-06-16 00:01:27,228 INFO com.azure.cosmos.implementation.directconnectivity.rntbd.RntbdServiceEndpoint$RntbdEndpointMonitoringProvider [restartedMain] Starting RntbdClientChannelPoolMonitoringProvider ...
2022-06-16 00:01:27,240 INFO org.springframework.boot.devtools.autoconfigure.OptionalLiveReloadServer [restartedMain] LiveReload server is running on port 35729
2022-06-16 00:01:28,068 WARN org.springframework.boot.autoconfigure.orm.jpa.JpaBaseConfiguration$JpaWebConfiguration [restartedMain] spring.jpa.open-in-view is enabled by default. Therefore, database queries may be performed during view rendering. Explicitly configure spring.jpa.open-in-view to disable this warning
2022-06-16 00:01:28,145 INFO com.azure.spring.cloud.core.implementation.factory.AbstractAzureServiceClientBuilderFactory [restartedMain] Will configure the default credential of type DefaultAzureCredential for class com.azure.identity.DefaultAzureCredentialBuilder.
2022-06-16 00:01:28,170 INFO org.apache.juli.logging.DirectJDKLog [restartedMain] Starting ProtocolHandler ["http-nio-8080"]
2022-06-16 00:01:28,175 INFO org.springframework.boot.web.embedded.tomcat.TomcatWebServer [restartedMain] Tomcat started on port(s): 8080 (http) with context path ''
2022-06-16 00:01:28,179 INFO org.springframework.boot.StartupInfoLogger [restartedMain] Started SpaBackendApplication in 2.002 seconds (JVM running for 679.347)
2022-06-16 00:01:28,182 INFO org.springframework.boot.devtools.autoconfigure.ConditionEvaluationDeltaLoggingListener [restartedMain] Condition evaluation unchanged
2022-06-16 00:01:28,183 INFO com.azure.cosmos.implementation.RxDocumentClientImpl [restartedMain] Initializing DocumentClient [24] with serviceEndpoint [https://jokeproject.documents.azure.com:443/], connectionPolicy [ConnectionPolicy{httpNetworkRequestTimeout=PT1M, tcpNetworkRequestTimeout=PT5S, connectionMode=DIRECT, maxConnectionPoolSize=1000, idleHttpConnectionTimeout=PT1M, idleTcpConnectionTimeout=PT0S, userAgentSuffix='', throttlingRetryOptions=RetryOptions{maxRetryAttemptsOnThrottledRequests=9, maxRetryWaitTime=PT30S}, endpointDiscoveryEnabled=true, preferredRegions=null, multipleWriteRegionsEnabled=true, proxyType=null, inetSocketProxyAddress=null, readRequestsFallbackEnabled=true, connectTimeout=PT5S, idleTcpEndpointTimeout=PT1H, maxConnectionsPerEndpoint=130, maxRequestsPerConnection=30, tcpConnectionEndpointRediscoveryEnabled=true, clientTelemetryEnabled=false}], consistencyLevel [null], directModeProtocol [Tcp]
2022-06-16 00:01:28,184 INFO com.azure.cosmos.implementation.RxDocumentClientImpl$1 [cosmos-parallel-2] Getting database account endpoint from https://jokeproject.documents.azure.com:443/
2022-06-16 00:01:28,350 INFO com.azure.cosmos.implementation.RxDocumentClientImpl$1 [cosmos-parallel-3] Getting database account endpoint from https://jokeproject.documents.azure.com:443/
2022-06-16 00:01:28,403 INFO com.azure.cosmos.implementation.directconnectivity.rntbd.RntbdServiceEndpoint$RntbdEndpointMonitoringProvider [restartedMain] Starting RntbdClientChannelPoolMonitoringProvider ...
2022-06-16 00:01:41,822 WARN com.azure.cosmos.implementation.GlobalEndpointManager [cosmos-parallel-2] client already closed
2022-06-16 00:01:43,003 INFO com.azure.cosmos.implementation.RxDocumentClientImpl$1 [cosmos-parallel-1] Getting database account endpoint from https://jokeproject.documents.azure.com:443/
2022-06-16 00:02:08,603 WARN com.azure.cosmos.implementation.GlobalEndpointManager [cosmos-parallel-5] client already closed
2022-06-16 00:02:09,748 INFO com.azure.cosmos.implementation.RxDocumentClientImpl$1 [cosmos-parallel-3] Getting database account endpoint from https://jokeproject.documents.azure.com:443/
2022-06-16 00:02:12,228 INFO com.azure.cosmos.implementation.clienttelemetry.ClientTelemetry [reactor-http-kqueue-4] Client is not on azure vm
2022-06-16 00:02:13,405 INFO com.azure.cosmos.implementation.clienttelemetry.ClientTelemetry [reactor-http-kqueue-4] Client is not on azure vm
2022-06-16 00:02:21,535 INFO com.azure.cosmos.implementation.RxDocumentClientImpl$1 [cosmos-parallel-1] Getting database account endpoint from https://jokeproject.documents.azure.com:443/
2022-06-16 00:02:33,976 INFO com.azure.cosmos.implementation.RxDocumentClientImpl [SpringApplicationShutdownHook] Attempting to close client 23
2022-06-16 00:02:33,977 INFO com.azure.cosmos.implementation.RxDocumentClientImpl [SpringApplicationShutdownHook] Shutting down ...
2022-06-16 00:02:33,977 INFO com.azure.cosmos.implementation.RxDocumentClientImpl [SpringApplicationShutdownHook] Closing Global Endpoint Manager ...
2022-06-16 00:02:33,977 INFO com.azure.cosmos.implementation.RxDocumentClientImpl [SpringApplicationShutdownHook] Closing StoreClientFactory ...
2022-06-16 00:02:33,978 INFO com.azure.cosmos.implementation.directconnectivity.rntbd.RntbdServiceEndpoint$RntbdEndpointMonitoringProvider [SpringApplicationShutdownHook] Shutting down RntbdClientChannelPoolMonitoringProvider ...
2022-06-16 00:02:33,978 WARN com.azure.cosmos.implementation.directconnectivity.rntbd.RntbdConnectionStateListener [cosmos-rntbd-nio-24-3] Endpoint closed while onConnectionEvent: RntbdServiceEndpoint({"id":82,"closed":true,"concurrentRequests":0,"remoteAddress":"cdb-ms-prod-westus1-fd73.documents.azure.com/<unresolved>:11307","channelPool":{"remoteAddress":"cdb-ms-prod-westus1-fd73.documents.azure.com/<unresolved>:11307","isClosed":true,"configuration":{"maxChannels":130,"maxRequestsPerChannel":30,"idleConnectionTimeout":0,"readDelayLimit":65000000000,"writeDelayLimit":10000000000},"state":{"channelsAcquired":0,"channelsAvailable":0,"requestQueueLength":0}},"transportClient":{"id":23,"closed":true,"endpointCount":0,"endpointEvictionCount":2}})
2022-06-16 00:02:33,979 WARN com.azure.cosmos.implementation.directconnectivity.rntbd.RntbdConnectionStateListener [cosmos-rntbd-nio-24-4] Endpoint closed while onConnectionEvent: RntbdServiceEndpoint({"id":83,"closed":true,"concurrentRequests":0,"remoteAddress":"cdb-ms-prod-westus1-fd73.documents.azure.com/<unresolved>:11308","channelPool":{"remoteAddress":"cdb-ms-prod-westus1-fd73.documents.azure.com/<unresolved>:11308","isClosed":true,"configuration":{"maxChannels":130,"maxRequestsPerChannel":30,"idleConnectionTimeout":0,"readDelayLimit":65000000000,"writeDelayLimit":10000000000},"state":{"channelsAcquired":0,"channelsAvailable":0,"requestQueueLength":0}},"transportClient":{"id":23,"closed":true,"endpointCount":0,"endpointEvictionCount":2}})
2022-06-16 00:02:33,979 INFO com.azure.cosmos.implementation.RxDocumentClientImpl [SpringApplicationShutdownHook] Shutting down reactorHttpClient ...
2022-06-16 00:02:33,980 INFO com.azure.cosmos.implementation.RxDocumentClientImpl [SpringApplicationShutdownHook] Shutting down CpuMonitor ...
2022-06-16 00:02:33,980 INFO com.azure.cosmos.implementation.RxDocumentClientImpl [SpringApplicationShutdownHook] Shutting down completed.
2022-06-16 00:02:33,980 INFO org.springframework.orm.jpa.AbstractEntityManagerFactoryBean [SpringApplicationShutdownHook] Closing JPA EntityManagerFactory for persistence unit 'default'
2022-06-16 00:02:33,981 INFO com.zaxxer.hikari.HikariDataSource [SpringApplicationShutdownHook] HikariPool-12 - Shutdown initiated...
2022-06-16 00:02:33,982 INFO com.zaxxer.hikari.HikariDataSource [SpringApplicationShutdownHook] HikariPool-12 - Shutdown completed.
