2022-06-02 16:53:15,416 INFO org.springframework.boot.StartupInfoLogger [main] Starting SpaBackendApplication using Java 17.0.2 on DESKTOP-7RDIST4 with PID 18488 (C:\Users\andre\eclipse-group-workspace\spa-backend\target\classes started by andre in C:\Users\andre\eclipse-group-workspace\spa-backend)
2022-06-02 16:53:15,419 INFO org.springframework.boot.SpringApplication [main] No active profile set, falling back to 1 default profile: "default"
2022-06-02 16:53:16,423 INFO org.springframework.boot.web.embedded.tomcat.TomcatWebServer [main] Tomcat initialized with port(s): 8080 (http)
2022-06-02 16:53:16,430 INFO org.apache.juli.logging.DirectJDKLog [main] Loaded Apache Tomcat Native library [1.2.32] using APR version [1.7.0].
2022-06-02 16:53:16,431 INFO org.apache.juli.logging.DirectJDKLog [main] APR capabilities: IPv6 [true], sendfile [true], accept filters [false], random [true], UDS [true].
2022-06-02 16:53:16,431 INFO org.apache.juli.logging.DirectJDKLog [main] APR/OpenSSL configuration: useAprConnector [false], useOpenSSL [true]
2022-06-02 16:53:16,433 INFO org.apache.juli.logging.DirectJDKLog [main] OpenSSL successfully initialized [OpenSSL 1.1.1n  15 Mar 2022]
2022-06-02 16:53:16,444 INFO org.apache.juli.logging.DirectJDKLog [main] Initializing ProtocolHandler ["http-nio-8080"]
2022-06-02 16:53:16,444 INFO org.apache.juli.logging.DirectJDKLog [main] Starting service [Tomcat]
2022-06-02 16:53:16,445 INFO org.apache.juli.logging.DirectJDKLog [main] Starting Servlet engine: [Apache Tomcat/9.0.63]
2022-06-02 16:53:16,544 INFO org.apache.juli.logging.DirectJDKLog [main] Initializing Spring embedded WebApplicationContext
2022-06-02 16:53:16,545 INFO org.springframework.boot.web.servlet.context.ServletWebServerApplicationContext [main] Root WebApplicationContext: initialization completed in 1072 ms
2022-06-02 16:53:16,929 INFO org.apache.juli.logging.DirectJDKLog [main] Starting ProtocolHandler ["http-nio-8080"]
2022-06-02 16:53:16,957 INFO org.springframework.boot.web.embedded.tomcat.TomcatWebServer [main] Tomcat started on port(s): 8080 (http) with context path ''
2022-06-02 16:53:16,967 INFO org.springframework.boot.StartupInfoLogger [main] Started SpaBackendApplication in 1.939 seconds (JVM running for 2.498)
2022-06-02 16:53:39,773 INFO org.apache.juli.logging.DirectJDKLog [http-nio-8080-exec-1] Initializing Spring DispatcherServlet 'dispatcherServlet'
2022-06-02 16:53:39,774 INFO org.springframework.web.servlet.FrameworkServlet [http-nio-8080-exec-1] Initializing Servlet 'dispatcherServlet'
2022-06-02 16:53:39,775 INFO org.springframework.web.servlet.FrameworkServlet [http-nio-8080-exec-1] Completed initialization in 1 ms
2022-06-02 16:53:39,798 INFO com.bigshots.spabackend.LoggingController [http-nio-8080-exec-1] An INFO Message
2022-06-02 16:53:39,798 WARN com.bigshots.spabackend.LoggingController [http-nio-8080-exec-1] A WARN Message
2022-06-02 16:53:39,798 ERROR com.bigshots.spabackend.LoggingController [http-nio-8080-exec-1] An ERROR Message
2022-06-02 16:53:44,896 INFO org.springframework.boot.StartupInfoLogger [main] Starting SpaBackendApplication using Java 17.0.2 on DESKTOP-7RDIST4 with PID 15012 (C:\Users\andre\eclipse-group-workspace\spa-backend\target\classes started by andre in C:\Users\andre\eclipse-group-workspace\spa-backend)
2022-06-02 16:53:44,899 INFO org.springframework.boot.SpringApplication [main] No active profile set, falling back to 1 default profile: "default"
2022-06-02 16:53:45,821 INFO org.springframework.boot.web.embedded.tomcat.TomcatWebServer [main] Tomcat initialized with port(s): 8080 (http)
2022-06-02 16:53:45,822 INFO org.apache.juli.logging.DirectJDKLog [main] Loaded Apache Tomcat Native library [1.2.32] using APR version [1.7.0].
2022-06-02 16:53:45,823 INFO org.apache.juli.logging.DirectJDKLog [main] APR capabilities: IPv6 [true], sendfile [true], accept filters [false], random [true], UDS [true].
2022-06-02 16:53:45,823 INFO org.apache.juli.logging.DirectJDKLog [main] APR/OpenSSL configuration: useAprConnector [false], useOpenSSL [true]
2022-06-02 16:53:45,826 INFO org.apache.juli.logging.DirectJDKLog [main] OpenSSL successfully initialized [OpenSSL 1.1.1n  15 Mar 2022]
2022-06-02 16:53:45,836 INFO org.apache.juli.logging.DirectJDKLog [main] Initializing ProtocolHandler ["http-nio-8080"]
2022-06-02 16:53:45,836 INFO org.apache.juli.logging.DirectJDKLog [main] Starting service [Tomcat]
2022-06-02 16:53:45,837 INFO org.apache.juli.logging.DirectJDKLog [main] Starting Servlet engine: [Apache Tomcat/9.0.63]
2022-06-02 16:53:45,947 INFO org.apache.juli.logging.DirectJDKLog [main] Initializing Spring embedded WebApplicationContext
2022-06-02 16:53:45,947 INFO org.springframework.boot.web.servlet.context.ServletWebServerApplicationContext [main] Root WebApplicationContext: initialization completed in 995 ms
2022-06-02 16:53:46,282 INFO org.apache.juli.logging.DirectJDKLog [main] Starting ProtocolHandler ["http-nio-8080"]
2022-06-02 16:53:46,290 WARN org.springframework.context.support.AbstractApplicationContext [main] Exception encountered during context initialization - cancelling refresh attempt: org.springframework.context.ApplicationContextException: Failed to start bean 'webServerStartStop'; nested exception is org.springframework.boot.web.server.PortInUseException: Port 8080 is already in use
2022-06-02 16:53:46,294 INFO org.apache.juli.logging.DirectJDKLog [main] Pausing ProtocolHandler ["http-nio-8080"]
2022-06-02 16:53:46,294 INFO org.apache.juli.logging.DirectJDKLog [main] Stopping service [Tomcat]
2022-06-02 16:53:46,304 INFO org.apache.juli.logging.DirectJDKLog [main] Stopping ProtocolHandler ["http-nio-8080"]
2022-06-02 16:53:46,304 INFO org.apache.juli.logging.DirectJDKLog [main] Destroying ProtocolHandler ["http-nio-8080"]
2022-06-02 16:53:46,310 INFO org.springframework.boot.autoconfigure.logging.ConditionEvaluationReportLoggingListener [main] 

Error starting ApplicationContext. To display the conditions report re-run your application with 'debug' enabled.
2022-06-02 16:53:46,328 ERROR org.springframework.boot.diagnostics.LoggingFailureAnalysisReporter [main] 

***************************
APPLICATION FAILED TO START
***************************

Description:

Web server failed to start. Port 8080 was already in use.

Action:

Identify and stop the process that's listening on port 8080 or configure this application to listen on another port.

2022-06-02 16:53:54,253 INFO org.springframework.boot.StartupInfoLogger [main] Starting SpaBackendApplication using Java 17.0.2 on DESKTOP-7RDIST4 with PID 19288 (C:\Users\andre\eclipse-group-workspace\spa-backend\target\classes started by andre in C:\Users\andre\eclipse-group-workspace\spa-backend)
2022-06-02 16:53:54,255 INFO org.springframework.boot.SpringApplication [main] No active profile set, falling back to 1 default profile: "default"
2022-06-02 16:53:55,184 INFO org.springframework.boot.web.embedded.tomcat.TomcatWebServer [main] Tomcat initialized with port(s): 8080 (http)
2022-06-02 16:53:55,185 INFO org.apache.juli.logging.DirectJDKLog [main] Loaded Apache Tomcat Native library [1.2.32] using APR version [1.7.0].
2022-06-02 16:53:55,186 INFO org.apache.juli.logging.DirectJDKLog [main] APR capabilities: IPv6 [true], sendfile [true], accept filters [false], random [true], UDS [true].
2022-06-02 16:53:55,186 INFO org.apache.juli.logging.DirectJDKLog [main] APR/OpenSSL configuration: useAprConnector [false], useOpenSSL [true]
2022-06-02 16:53:55,190 INFO org.apache.juli.logging.DirectJDKLog [main] OpenSSL successfully initialized [OpenSSL 1.1.1n  15 Mar 2022]
2022-06-02 16:53:55,202 INFO org.apache.juli.logging.DirectJDKLog [main] Initializing ProtocolHandler ["http-nio-8080"]
2022-06-02 16:53:55,202 INFO org.apache.juli.logging.DirectJDKLog [main] Starting service [Tomcat]
2022-06-02 16:53:55,203 INFO org.apache.juli.logging.DirectJDKLog [main] Starting Servlet engine: [Apache Tomcat/9.0.63]
2022-06-02 16:53:55,298 INFO org.apache.juli.logging.DirectJDKLog [main] Initializing Spring embedded WebApplicationContext
2022-06-02 16:53:55,299 INFO org.springframework.boot.web.servlet.context.ServletWebServerApplicationContext [main] Root WebApplicationContext: initialization completed in 985 ms
2022-06-02 16:53:55,632 INFO org.apache.juli.logging.DirectJDKLog [main] Starting ProtocolHandler ["http-nio-8080"]
2022-06-02 16:53:55,641 WARN org.springframework.context.support.AbstractApplicationContext [main] Exception encountered during context initialization - cancelling refresh attempt: org.springframework.context.ApplicationContextException: Failed to start bean 'webServerStartStop'; nested exception is org.springframework.boot.web.server.PortInUseException: Port 8080 is already in use
2022-06-02 16:53:55,645 INFO org.apache.juli.logging.DirectJDKLog [main] Pausing ProtocolHandler ["http-nio-8080"]
2022-06-02 16:53:55,645 INFO org.apache.juli.logging.DirectJDKLog [main] Stopping service [Tomcat]
2022-06-02 16:53:55,657 INFO org.apache.juli.logging.DirectJDKLog [main] Stopping ProtocolHandler ["http-nio-8080"]
2022-06-02 16:53:55,657 INFO org.apache.juli.logging.DirectJDKLog [main] Destroying ProtocolHandler ["http-nio-8080"]
2022-06-02 16:53:55,664 INFO org.springframework.boot.autoconfigure.logging.ConditionEvaluationReportLoggingListener [main] 

Error starting ApplicationContext. To display the conditions report re-run your application with 'debug' enabled.
2022-06-02 16:53:55,684 ERROR org.springframework.boot.diagnostics.LoggingFailureAnalysisReporter [main] 

***************************
APPLICATION FAILED TO START
***************************

Description:

Web server failed to start. Port 8080 was already in use.

Action:

Identify and stop the process that's listening on port 8080 or configure this application to listen on another port.

2022-06-02 16:54:08,162 INFO org.springframework.boot.StartupInfoLogger [main] Starting SpaBackendApplication using Java 17.0.2 on DESKTOP-7RDIST4 with PID 14960 (C:\Users\andre\eclipse-group-workspace\spa-backend\target\classes started by andre in C:\Users\andre\eclipse-group-workspace\spa-backend)
2022-06-02 16:54:08,165 INFO org.springframework.boot.SpringApplication [main] No active profile set, falling back to 1 default profile: "default"
2022-06-02 16:54:09,061 INFO org.springframework.boot.web.embedded.tomcat.TomcatWebServer [main] Tomcat initialized with port(s): 8080 (http)
2022-06-02 16:54:09,062 INFO org.apache.juli.logging.DirectJDKLog [main] Loaded Apache Tomcat Native library [1.2.32] using APR version [1.7.0].
2022-06-02 16:54:09,062 INFO org.apache.juli.logging.DirectJDKLog [main] APR capabilities: IPv6 [true], sendfile [true], accept filters [false], random [true], UDS [true].
2022-06-02 16:54:09,063 INFO org.apache.juli.logging.DirectJDKLog [main] APR/OpenSSL configuration: useAprConnector [false], useOpenSSL [true]
2022-06-02 16:54:09,066 INFO org.apache.juli.logging.DirectJDKLog [main] OpenSSL successfully initialized [OpenSSL 1.1.1n  15 Mar 2022]
2022-06-02 16:54:09,076 INFO org.apache.juli.logging.DirectJDKLog [main] Initializing ProtocolHandler ["http-nio-8080"]
2022-06-02 16:54:09,076 INFO org.apache.juli.logging.DirectJDKLog [main] Starting service [Tomcat]
2022-06-02 16:54:09,076 INFO org.apache.juli.logging.DirectJDKLog [main] Starting Servlet engine: [Apache Tomcat/9.0.63]
2022-06-02 16:54:09,180 INFO org.apache.juli.logging.DirectJDKLog [main] Initializing Spring embedded WebApplicationContext
2022-06-02 16:54:09,180 INFO org.springframework.boot.web.servlet.context.ServletWebServerApplicationContext [main] Root WebApplicationContext: initialization completed in 966 ms
2022-06-02 16:54:09,492 INFO org.apache.juli.logging.DirectJDKLog [main] Starting ProtocolHandler ["http-nio-8080"]
2022-06-02 16:54:09,515 INFO org.springframework.boot.web.embedded.tomcat.TomcatWebServer [main] Tomcat started on port(s): 8080 (http) with context path ''
2022-06-02 16:54:09,525 INFO org.springframework.boot.StartupInfoLogger [main] Started SpaBackendApplication in 1.706 seconds (JVM running for 2.183)
2022-06-02 16:54:51,796 INFO org.apache.juli.logging.DirectJDKLog [http-nio-8080-exec-1] Initializing Spring DispatcherServlet 'dispatcherServlet'
2022-06-02 16:54:51,796 INFO org.springframework.web.servlet.FrameworkServlet [http-nio-8080-exec-1] Initializing Servlet 'dispatcherServlet'
2022-06-02 16:54:51,797 INFO org.springframework.web.servlet.FrameworkServlet [http-nio-8080-exec-1] Completed initialization in 0 ms
2022-06-02 16:54:51,820 INFO com.bigshots.spabackend.LoggingController [http-nio-8080-exec-1] An INFO Message
2022-06-02 16:54:51,820 WARN com.bigshots.spabackend.LoggingController [http-nio-8080-exec-1] A WARN Message
2022-06-02 16:54:51,820 ERROR com.bigshots.spabackend.LoggingController [http-nio-8080-exec-1] An ERROR Message
2022-06-02 16:56:15,197 INFO com.bigshots.spabackend.LoggingController [http-nio-8080-exec-5] An INFO Message
2022-06-02 16:56:15,198 WARN com.bigshots.spabackend.LoggingController [http-nio-8080-exec-5] A WARN Message
2022-06-02 16:56:15,198 ERROR com.bigshots.spabackend.LoggingController [http-nio-8080-exec-5] An ERROR Message
2022-06-02 16:56:32,301 INFO org.springframework.boot.StartupInfoLogger [main] Starting SpaBackendApplication using Java 17.0.2 on DESKTOP-7RDIST4 with PID 2036 (C:\Users\andre\eclipse-group-workspace\spa-backend\target\classes started by andre in C:\Users\andre\eclipse-group-workspace\spa-backend)
2022-06-02 16:56:32,305 INFO org.springframework.boot.SpringApplication [main] No active profile set, falling back to 1 default profile: "default"
2022-06-02 16:56:33,210 INFO org.springframework.boot.web.embedded.tomcat.TomcatWebServer [main] Tomcat initialized with port(s): 8080 (http)
2022-06-02 16:56:33,211 INFO org.apache.juli.logging.DirectJDKLog [main] Loaded Apache Tomcat Native library [1.2.32] using APR version [1.7.0].
2022-06-02 16:56:33,212 INFO org.apache.juli.logging.DirectJDKLog [main] APR capabilities: IPv6 [true], sendfile [true], accept filters [false], random [true], UDS [true].
2022-06-02 16:56:33,212 INFO org.apache.juli.logging.DirectJDKLog [main] APR/OpenSSL configuration: useAprConnector [false], useOpenSSL [true]
2022-06-02 16:56:33,215 INFO org.apache.juli.logging.DirectJDKLog [main] OpenSSL successfully initialized [OpenSSL 1.1.1n  15 Mar 2022]
2022-06-02 16:56:33,227 INFO org.apache.juli.logging.DirectJDKLog [main] Initializing ProtocolHandler ["http-nio-8080"]
2022-06-02 16:56:33,228 INFO org.apache.juli.logging.DirectJDKLog [main] Starting service [Tomcat]
2022-06-02 16:56:33,228 INFO org.apache.juli.logging.DirectJDKLog [main] Starting Servlet engine: [Apache Tomcat/9.0.63]
2022-06-02 16:56:33,330 INFO org.apache.juli.logging.DirectJDKLog [main] Initializing Spring embedded WebApplicationContext
2022-06-02 16:56:33,331 INFO org.springframework.boot.web.servlet.context.ServletWebServerApplicationContext [main] Root WebApplicationContext: initialization completed in 974 ms
2022-06-02 16:56:33,662 INFO org.apache.juli.logging.DirectJDKLog [main] Starting ProtocolHandler ["http-nio-8080"]
2022-06-02 16:56:33,686 INFO org.springframework.boot.web.embedded.tomcat.TomcatWebServer [main] Tomcat started on port(s): 8080 (http) with context path ''
2022-06-02 16:56:33,696 INFO org.springframework.boot.StartupInfoLogger [main] Started SpaBackendApplication in 1.72 seconds (JVM running for 2.208)
2022-06-02 16:56:48,236 INFO org.apache.juli.logging.DirectJDKLog [http-nio-8080-exec-1] Initializing Spring DispatcherServlet 'dispatcherServlet'
2022-06-02 16:56:48,237 INFO org.springframework.web.servlet.FrameworkServlet [http-nio-8080-exec-1] Initializing Servlet 'dispatcherServlet'
2022-06-02 16:56:48,238 INFO org.springframework.web.servlet.FrameworkServlet [http-nio-8080-exec-1] Completed initialization in 1 ms
2022-06-02 16:56:48,264 INFO com.bigshots.spabackend.LoggingController [http-nio-8080-exec-1] An INFO Message
2022-06-02 16:56:48,264 WARN com.bigshots.spabackend.LoggingController [http-nio-8080-exec-1] A WARN Message
2022-06-02 16:56:48,264 ERROR com.bigshots.spabackend.LoggingController [http-nio-8080-exec-1] An ERROR Message
2022-06-02 16:57:23,747 INFO com.bigshots.spabackend.LoggingController [http-nio-8080-exec-2] An INFO Message
2022-06-02 16:57:23,748 WARN com.bigshots.spabackend.LoggingController [http-nio-8080-exec-2] A WARN Message
2022-06-02 16:57:23,748 ERROR com.bigshots.spabackend.LoggingController [http-nio-8080-exec-2] An ERROR Message
2022-06-02 17:13:20,328 INFO org.springframework.boot.StartupInfoLogger [main] Starting SpaBackendApplication using Java 17.0.2 on DESKTOP-7RDIST4 with PID 1820 (C:\Users\andre\eclipse-group-workspace\spa-backend\target\classes started by andre in C:\Users\andre\eclipse-group-workspace\spa-backend)
2022-06-02 17:13:20,330 INFO org.springframework.boot.SpringApplication [main] No active profile set, falling back to 1 default profile: "default"
2022-06-02 17:13:21,239 INFO org.springframework.boot.web.embedded.tomcat.TomcatWebServer [main] Tomcat initialized with port(s): 8080 (http)
2022-06-02 17:13:21,240 INFO org.apache.juli.logging.DirectJDKLog [main] Loaded Apache Tomcat Native library [1.2.32] using APR version [1.7.0].
2022-06-02 17:13:21,240 INFO org.apache.juli.logging.DirectJDKLog [main] APR capabilities: IPv6 [true], sendfile [true], accept filters [false], random [true], UDS [true].
2022-06-02 17:13:21,241 INFO org.apache.juli.logging.DirectJDKLog [main] APR/OpenSSL configuration: useAprConnector [false], useOpenSSL [true]
2022-06-02 17:13:21,243 INFO org.apache.juli.logging.DirectJDKLog [main] OpenSSL successfully initialized [OpenSSL 1.1.1n  15 Mar 2022]
2022-06-02 17:13:21,251 INFO org.apache.juli.logging.DirectJDKLog [main] Initializing ProtocolHandler ["http-nio-8080"]
2022-06-02 17:13:21,251 INFO org.apache.juli.logging.DirectJDKLog [main] Starting service [Tomcat]
2022-06-02 17:13:21,251 INFO org.apache.juli.logging.DirectJDKLog [main] Starting Servlet engine: [Apache Tomcat/9.0.63]
2022-06-02 17:13:21,341 INFO org.apache.juli.logging.DirectJDKLog [main] Initializing Spring embedded WebApplicationContext
2022-06-02 17:13:21,341 INFO org.springframework.boot.web.servlet.context.ServletWebServerApplicationContext [main] Root WebApplicationContext: initialization completed in 959 ms
2022-06-02 17:13:21,675 INFO org.apache.juli.logging.DirectJDKLog [main] Starting ProtocolHandler ["http-nio-8080"]
2022-06-02 17:13:21,699 INFO org.springframework.boot.web.embedded.tomcat.TomcatWebServer [main] Tomcat started on port(s): 8080 (http) with context path ''
2022-06-02 17:13:21,712 INFO org.springframework.boot.StartupInfoLogger [main] Started SpaBackendApplication in 1.724 seconds (JVM running for 2.203)
2022-06-02 17:13:27,720 INFO org.apache.juli.logging.DirectJDKLog [http-nio-8080-exec-1] Initializing Spring DispatcherServlet 'dispatcherServlet'
2022-06-02 17:13:27,720 INFO org.springframework.web.servlet.FrameworkServlet [http-nio-8080-exec-1] Initializing Servlet 'dispatcherServlet'
2022-06-02 17:13:27,721 INFO org.springframework.web.servlet.FrameworkServlet [http-nio-8080-exec-1] Completed initialization in 1 ms
2022-06-02 17:13:27,745 INFO com.bigshots.spabackend.LoggingController [http-nio-8080-exec-1] An INFO Message
2022-06-02 17:13:27,746 WARN com.bigshots.spabackend.LoggingController [http-nio-8080-exec-1] A WARN Message
2022-06-02 17:13:27,746 ERROR com.bigshots.spabackend.LoggingController [http-nio-8080-exec-1] An ERROR Message
2022-06-02 17:14:04,875 INFO com.bigshots.spabackend.LoggingController [http-nio-8080-exec-2] An INFO Message
2022-06-02 17:14:04,876 WARN com.bigshots.spabackend.LoggingController [http-nio-8080-exec-2] A WARN Message
2022-06-02 17:14:04,876 ERROR com.bigshots.spabackend.LoggingController [http-nio-8080-exec-2] An ERROR Message
2022-06-02 17:14:10,364 INFO com.bigshots.spabackend.LoggingController [http-nio-8080-exec-3] An INFO Message
2022-06-02 17:14:10,365 WARN com.bigshots.spabackend.LoggingController [http-nio-8080-exec-3] A WARN Message
2022-06-02 17:14:10,365 ERROR com.bigshots.spabackend.LoggingController [http-nio-8080-exec-3] An ERROR Message
2022-06-02 17:28:26,092 INFO org.springframework.boot.StartupInfoLogger [main] Starting SpaBackendApplication using Java 17.0.2 on DESKTOP-7RDIST4 with PID 7184 (C:\Users\andre\eclipse-group-workspace\spa-backend\target\classes started by andre in C:\Users\andre\eclipse-group-workspace\spa-backend)
2022-06-02 17:28:26,096 INFO org.springframework.boot.SpringApplication [main] No active profile set, falling back to 1 default profile: "default"
2022-06-02 17:28:27,056 INFO org.springframework.boot.web.embedded.tomcat.TomcatWebServer [main] Tomcat initialized with port(s): 8080 (http)
2022-06-02 17:28:27,057 INFO org.apache.juli.logging.DirectJDKLog [main] Loaded Apache Tomcat Native library [1.2.32] using APR version [1.7.0].
2022-06-02 17:28:27,058 INFO org.apache.juli.logging.DirectJDKLog [main] APR capabilities: IPv6 [true], sendfile [true], accept filters [false], random [true], UDS [true].
2022-06-02 17:28:27,058 INFO org.apache.juli.logging.DirectJDKLog [main] APR/OpenSSL configuration: useAprConnector [false], useOpenSSL [true]
2022-06-02 17:28:27,060 INFO org.apache.juli.logging.DirectJDKLog [main] OpenSSL successfully initialized [OpenSSL 1.1.1n  15 Mar 2022]
2022-06-02 17:28:27,068 INFO org.apache.juli.logging.DirectJDKLog [main] Initializing ProtocolHandler ["http-nio-8080"]
2022-06-02 17:28:27,069 INFO org.apache.juli.logging.DirectJDKLog [main] Starting service [Tomcat]
2022-06-02 17:28:27,069 INFO org.apache.juli.logging.DirectJDKLog [main] Starting Servlet engine: [Apache Tomcat/9.0.63]
2022-06-02 17:28:27,163 INFO org.apache.juli.logging.DirectJDKLog [main] Initializing Spring embedded WebApplicationContext
2022-06-02 17:28:27,163 INFO org.springframework.boot.web.servlet.context.ServletWebServerApplicationContext [main] Root WebApplicationContext: initialization completed in 1015 ms
2022-06-02 17:28:27,498 INFO org.apache.juli.logging.DirectJDKLog [main] Starting ProtocolHandler ["http-nio-8080"]
2022-06-02 17:28:27,520 INFO org.springframework.boot.web.embedded.tomcat.TomcatWebServer [main] Tomcat started on port(s): 8080 (http) with context path ''
2022-06-02 17:28:27,528 INFO org.springframework.boot.StartupInfoLogger [main] Started SpaBackendApplication in 1.792 seconds (JVM running for 2.266)
2022-06-02 17:28:36,533 INFO org.apache.juli.logging.DirectJDKLog [http-nio-8080-exec-1] Initializing Spring DispatcherServlet 'dispatcherServlet'
2022-06-02 17:28:36,533 INFO org.springframework.web.servlet.FrameworkServlet [http-nio-8080-exec-1] Initializing Servlet 'dispatcherServlet'
2022-06-02 17:28:36,534 INFO org.springframework.web.servlet.FrameworkServlet [http-nio-8080-exec-1] Completed initialization in 0 ms
2022-06-02 17:28:36,555 INFO com.bigshots.spabackend.LoggingController [http-nio-8080-exec-1] An INFO Message
2022-06-02 17:28:36,556 WARN com.bigshots.spabackend.LoggingController [http-nio-8080-exec-1] A WARN Message
2022-06-02 17:28:36,556 ERROR com.bigshots.spabackend.LoggingController [http-nio-8080-exec-1] An ERROR Message
2022-06-02 17:28:47,558 INFO com.bigshots.spabackend.ApiControllers [http-nio-8080-exec-3] 
2022-06-02 17:28:52,470 INFO com.bigshots.spabackend.ApiControllers [http-nio-8080-exec-4] 
2022-06-02 17:30:20,964 INFO org.springframework.boot.StartupInfoLogger [main] Starting SpaBackendApplication using Java 17.0.2 on DESKTOP-7RDIST4 with PID 8940 (C:\Users\andre\eclipse-group-workspace\spa-backend\target\classes started by andre in C:\Users\andre\eclipse-group-workspace\spa-backend)
2022-06-02 17:30:20,967 INFO org.springframework.boot.SpringApplication [main] No active profile set, falling back to 1 default profile: "default"
2022-06-02 17:30:21,944 INFO org.springframework.boot.web.embedded.tomcat.TomcatWebServer [main] Tomcat initialized with port(s): 8080 (http)
2022-06-02 17:30:21,945 INFO org.apache.juli.logging.DirectJDKLog [main] Loaded Apache Tomcat Native library [1.2.32] using APR version [1.7.0].
2022-06-02 17:30:21,945 INFO org.apache.juli.logging.DirectJDKLog [main] APR capabilities: IPv6 [true], sendfile [true], accept filters [false], random [true], UDS [true].
2022-06-02 17:30:21,946 INFO org.apache.juli.logging.DirectJDKLog [main] APR/OpenSSL configuration: useAprConnector [false], useOpenSSL [true]
2022-06-02 17:30:21,949 INFO org.apache.juli.logging.DirectJDKLog [main] OpenSSL successfully initialized [OpenSSL 1.1.1n  15 Mar 2022]
2022-06-02 17:30:21,957 INFO org.apache.juli.logging.DirectJDKLog [main] Initializing ProtocolHandler ["http-nio-8080"]
2022-06-02 17:30:21,958 INFO org.apache.juli.logging.DirectJDKLog [main] Starting service [Tomcat]
2022-06-02 17:30:21,958 INFO org.apache.juli.logging.DirectJDKLog [main] Starting Servlet engine: [Apache Tomcat/9.0.63]
2022-06-02 17:30:22,045 INFO org.apache.juli.logging.DirectJDKLog [main] Initializing Spring embedded WebApplicationContext
2022-06-02 17:30:22,045 INFO org.springframework.boot.web.servlet.context.ServletWebServerApplicationContext [main] Root WebApplicationContext: initialization completed in 1027 ms
2022-06-02 17:30:22,371 INFO org.apache.juli.logging.DirectJDKLog [main] Starting ProtocolHandler ["http-nio-8080"]
2022-06-02 17:30:22,394 INFO org.springframework.boot.web.embedded.tomcat.TomcatWebServer [main] Tomcat started on port(s): 8080 (http) with context path ''
2022-06-02 17:30:22,402 INFO org.springframework.boot.StartupInfoLogger [main] Started SpaBackendApplication in 1.77 seconds (JVM running for 2.232)
2022-06-02 17:30:25,371 INFO org.apache.juli.logging.DirectJDKLog [http-nio-8080-exec-1] Initializing Spring DispatcherServlet 'dispatcherServlet'
2022-06-02 17:30:25,371 INFO org.springframework.web.servlet.FrameworkServlet [http-nio-8080-exec-1] Initializing Servlet 'dispatcherServlet'
2022-06-02 17:30:25,372 INFO org.springframework.web.servlet.FrameworkServlet [http-nio-8080-exec-1] Completed initialization in 1 ms
2022-06-02 17:30:25,427 INFO com.bigshots.spabackend.ApiControllers [http-nio-8080-exec-1] get request for question: 5
2022-06-02 17:30:29,926 INFO com.bigshots.spabackend.ApiControllers [http-nio-8080-exec-2] get request a random joke
2022-06-02 17:30:36,358 INFO com.bigshots.spabackend.ApiControllers [http-nio-8080-exec-3] get request a random joke
2022-06-02 17:36:42,751 INFO org.springframework.boot.StartupInfoLogger [main] Starting SpaBackendApplication using Java 17.0.2 on DESKTOP-7RDIST4 with PID 15836 (C:\Users\andre\eclipse-group-workspace\spa-backend\target\classes started by andre in C:\Users\andre\eclipse-group-workspace\spa-backend)
2022-06-02 17:36:42,754 INFO org.springframework.boot.SpringApplication [main] No active profile set, falling back to 1 default profile: "default"
2022-06-02 17:36:43,665 INFO org.springframework.boot.web.embedded.tomcat.TomcatWebServer [main] Tomcat initialized with port(s): 8080 (http)
2022-06-02 17:36:43,667 INFO org.apache.juli.logging.DirectJDKLog [main] Loaded Apache Tomcat Native library [1.2.32] using APR version [1.7.0].
2022-06-02 17:36:43,667 INFO org.apache.juli.logging.DirectJDKLog [main] APR capabilities: IPv6 [true], sendfile [true], accept filters [false], random [true], UDS [true].
2022-06-02 17:36:43,667 INFO org.apache.juli.logging.DirectJDKLog [main] APR/OpenSSL configuration: useAprConnector [false], useOpenSSL [true]
2022-06-02 17:36:43,670 INFO org.apache.juli.logging.DirectJDKLog [main] OpenSSL successfully initialized [OpenSSL 1.1.1n  15 Mar 2022]
2022-06-02 17:36:43,678 INFO org.apache.juli.logging.DirectJDKLog [main] Initializing ProtocolHandler ["http-nio-8080"]
2022-06-02 17:36:43,678 INFO org.apache.juli.logging.DirectJDKLog [main] Starting service [Tomcat]
2022-06-02 17:36:43,678 INFO org.apache.juli.logging.DirectJDKLog [main] Starting Servlet engine: [Apache Tomcat/9.0.63]
2022-06-02 17:36:43,763 INFO org.apache.juli.logging.DirectJDKLog [main] Initializing Spring embedded WebApplicationContext
2022-06-02 17:36:43,763 INFO org.springframework.boot.web.servlet.context.ServletWebServerApplicationContext [main] Root WebApplicationContext: initialization completed in 960 ms
2022-06-02 17:36:44,094 INFO org.apache.juli.logging.DirectJDKLog [main] Starting ProtocolHandler ["http-nio-8080"]
2022-06-02 17:36:44,116 INFO org.springframework.boot.web.embedded.tomcat.TomcatWebServer [main] Tomcat started on port(s): 8080 (http) with context path ''
2022-06-02 17:36:44,124 INFO org.springframework.boot.StartupInfoLogger [main] Started SpaBackendApplication in 1.715 seconds (JVM running for 2.182)
2022-06-02 17:36:52,503 INFO org.apache.juli.logging.DirectJDKLog [http-nio-8080-exec-1] Initializing Spring DispatcherServlet 'dispatcherServlet'
2022-06-02 17:36:52,503 INFO org.springframework.web.servlet.FrameworkServlet [http-nio-8080-exec-1] Initializing Servlet 'dispatcherServlet'
2022-06-02 17:36:52,504 INFO org.springframework.web.servlet.FrameworkServlet [http-nio-8080-exec-1] Completed initialization in 0 ms
2022-06-02 17:36:59,167 INFO com.bigshots.spabackend.LoggingController [http-nio-8080-exec-2] An INFO Message
2022-06-02 17:36:59,168 WARN com.bigshots.spabackend.LoggingController [http-nio-8080-exec-2] A WARN Message
2022-06-02 17:36:59,168 ERROR com.bigshots.spabackend.LoggingController [http-nio-8080-exec-2] An ERROR Message
2022-06-02 17:37:09,057 INFO com.bigshots.spabackend.ApiControllers [http-nio-8080-exec-3] get request a random joke
2022-06-02 19:52:57,289 INFO org.springframework.boot.StartupInfoLogger [main] Starting SpaBackendApplication using Java 17.0.2 on DESKTOP-7RDIST4 with PID 12716 (C:\Users\andre\eclipse-group-workspace\spa-backend\target\classes started by andre in C:\Users\andre\eclipse-group-workspace\spa-backend)
2022-06-02 19:52:57,293 INFO org.springframework.boot.SpringApplication [main] No active profile set, falling back to 1 default profile: "default"
2022-06-02 19:52:58,311 INFO org.springframework.boot.web.embedded.tomcat.TomcatWebServer [main] Tomcat initialized with port(s): 8080 (http)
2022-06-02 19:52:58,312 INFO org.apache.juli.logging.DirectJDKLog [main] Loaded Apache Tomcat Native library [1.2.32] using APR version [1.7.0].
2022-06-02 19:52:58,313 INFO org.apache.juli.logging.DirectJDKLog [main] APR capabilities: IPv6 [true], sendfile [true], accept filters [false], random [true], UDS [true].
2022-06-02 19:52:58,313 INFO org.apache.juli.logging.DirectJDKLog [main] APR/OpenSSL configuration: useAprConnector [false], useOpenSSL [true]
2022-06-02 19:52:58,315 INFO org.apache.juli.logging.DirectJDKLog [main] OpenSSL successfully initialized [OpenSSL 1.1.1n  15 Mar 2022]
2022-06-02 19:52:58,326 INFO org.apache.juli.logging.DirectJDKLog [main] Initializing ProtocolHandler ["http-nio-8080"]
2022-06-02 19:52:58,326 INFO org.apache.juli.logging.DirectJDKLog [main] Starting service [Tomcat]
2022-06-02 19:52:58,326 INFO org.apache.juli.logging.DirectJDKLog [main] Starting Servlet engine: [Apache Tomcat/9.0.63]
2022-06-02 19:52:58,453 INFO org.apache.juli.logging.DirectJDKLog [main] Initializing Spring embedded WebApplicationContext
2022-06-02 19:52:58,453 INFO org.springframework.boot.web.servlet.context.ServletWebServerApplicationContext [main] Root WebApplicationContext: initialization completed in 1103 ms
2022-06-02 19:52:58,935 INFO org.apache.juli.logging.DirectJDKLog [main] Starting ProtocolHandler ["http-nio-8080"]
2022-06-02 19:52:58,975 INFO org.springframework.boot.web.embedded.tomcat.TomcatWebServer [main] Tomcat started on port(s): 8080 (http) with context path ''
2022-06-02 19:52:58,989 INFO org.springframework.boot.StartupInfoLogger [main] Started SpaBackendApplication in 2.076 seconds (JVM running for 2.654)
2022-06-02 19:53:02,544 INFO org.apache.juli.logging.DirectJDKLog [http-nio-8080-exec-1] Initializing Spring DispatcherServlet 'dispatcherServlet'
2022-06-02 19:53:02,544 INFO org.springframework.web.servlet.FrameworkServlet [http-nio-8080-exec-1] Initializing Servlet 'dispatcherServlet'
2022-06-02 19:53:02,545 INFO org.springframework.web.servlet.FrameworkServlet [http-nio-8080-exec-1] Completed initialization in 1 ms
2022-06-02 20:05:58,392 INFO org.springframework.boot.StartupInfoLogger [main] Starting SpaBackendApplication using Java 17.0.2 on DESKTOP-7RDIST4 with PID 3892 (C:\Users\andre\eclipse-group-workspace\spa-backend\target\classes started by andre in C:\Users\andre\eclipse-group-workspace\spa-backend)
2022-06-02 20:05:58,396 INFO org.springframework.boot.SpringApplication [main] No active profile set, falling back to 1 default profile: "default"
2022-06-02 20:05:59,398 INFO org.springframework.boot.web.embedded.tomcat.TomcatWebServer [main] Tomcat initialized with port(s): 8080 (http)
2022-06-02 20:05:59,399 INFO org.apache.juli.logging.DirectJDKLog [main] Loaded Apache Tomcat Native library [1.2.32] using APR version [1.7.0].
2022-06-02 20:05:59,400 INFO org.apache.juli.logging.DirectJDKLog [main] APR capabilities: IPv6 [true], sendfile [true], accept filters [false], random [true], UDS [true].
2022-06-02 20:05:59,400 INFO org.apache.juli.logging.DirectJDKLog [main] APR/OpenSSL configuration: useAprConnector [false], useOpenSSL [true]
2022-06-02 20:05:59,402 INFO org.apache.juli.logging.DirectJDKLog [main] OpenSSL successfully initialized [OpenSSL 1.1.1n  15 Mar 2022]
2022-06-02 20:05:59,411 INFO org.apache.juli.logging.DirectJDKLog [main] Initializing ProtocolHandler ["http-nio-8080"]
2022-06-02 20:05:59,411 INFO org.apache.juli.logging.DirectJDKLog [main] Starting service [Tomcat]
2022-06-02 20:05:59,411 INFO org.apache.juli.logging.DirectJDKLog [main] Starting Servlet engine: [Apache Tomcat/9.0.63]
2022-06-02 20:05:59,516 INFO org.apache.juli.logging.DirectJDKLog [main] Initializing Spring embedded WebApplicationContext
2022-06-02 20:05:59,516 INFO org.springframework.boot.web.servlet.context.ServletWebServerApplicationContext [main] Root WebApplicationContext: initialization completed in 1058 ms
2022-06-02 20:05:59,864 INFO org.apache.juli.logging.DirectJDKLog [main] Starting ProtocolHandler ["http-nio-8080"]
2022-06-02 20:05:59,885 INFO org.springframework.boot.web.embedded.tomcat.TomcatWebServer [main] Tomcat started on port(s): 8080 (http) with context path ''
2022-06-02 20:05:59,894 INFO org.springframework.boot.StartupInfoLogger [main] Started SpaBackendApplication in 1.91 seconds (JVM running for 2.382)
2022-06-02 20:06:08,376 INFO org.apache.juli.logging.DirectJDKLog [http-nio-8080-exec-1] Initializing Spring DispatcherServlet 'dispatcherServlet'
2022-06-02 20:06:08,377 INFO org.springframework.web.servlet.FrameworkServlet [http-nio-8080-exec-1] Initializing Servlet 'dispatcherServlet'
2022-06-02 20:06:08,378 INFO org.springframework.web.servlet.FrameworkServlet [http-nio-8080-exec-1] Completed initialization in 1 ms
2022-06-02 20:08:26,539 INFO com.bigshots.spabackend.ApiControllers [http-nio-8080-exec-5] get request for answer: 100
2022-06-02 20:08:31,710 INFO com.bigshots.spabackend.ApiControllers [http-nio-8080-exec-6] get request for answer: 150
2022-06-02 20:08:31,715 ERROR org.apache.juli.logging.DirectJDKLog [http-nio-8080-exec-6] Servlet.service() for servlet [dispatcherServlet] in context with path [] threw exception [Request processing failed; nested exception is java.lang.ArrayIndexOutOfBoundsException: Index 150 out of bounds for length 130] with root cause
java.lang.ArrayIndexOutOfBoundsException: Index 150 out of bounds for length 130
	at com.bigshots.spabackend.ApiControllers.getJokeAnswer(ApiControllers.java:104)
	at java.base/jdk.internal.reflect.NativeMethodAccessorImpl.invoke0(Native Method)
	at java.base/jdk.internal.reflect.NativeMethodAccessorImpl.invoke(NativeMethodAccessorImpl.java:77)
	at java.base/jdk.internal.reflect.DelegatingMethodAccessorImpl.invoke(DelegatingMethodAccessorImpl.java:43)
	at java.base/java.lang.reflect.Method.invoke(Method.java:568)
	at org.springframework.web.method.support.InvocableHandlerMethod.doInvoke(InvocableHandlerMethod.java:205)
	at org.springframework.web.method.support.InvocableHandlerMethod.invokeForRequest(InvocableHandlerMethod.java:150)
	at org.springframework.web.servlet.mvc.method.annotation.ServletInvocableHandlerMethod.invokeAndHandle(ServletInvocableHandlerMethod.java:117)
	at org.springframework.web.servlet.mvc.method.annotation.RequestMappingHandlerAdapter.invokeHandlerMethod(RequestMappingHandlerAdapter.java:895)
	at org.springframework.web.servlet.mvc.method.annotation.RequestMappingHandlerAdapter.handleInternal(RequestMappingHandlerAdapter.java:808)
	at org.springframework.web.servlet.mvc.method.AbstractHandlerMethodAdapter.handle(AbstractHandlerMethodAdapter.java:87)
	at org.springframework.web.servlet.DispatcherServlet.doDispatch(DispatcherServlet.java:1067)
	at org.springframework.web.servlet.DispatcherServlet.doService(DispatcherServlet.java:963)
	at org.springframework.web.servlet.FrameworkServlet.processRequest(FrameworkServlet.java:1006)
	at org.springframework.web.servlet.FrameworkServlet.doGet(FrameworkServlet.java:898)
	at javax.servlet.http.HttpServlet.service(HttpServlet.java:655)
	at org.springframework.web.servlet.FrameworkServlet.service(FrameworkServlet.java:883)
	at javax.servlet.http.HttpServlet.service(HttpServlet.java:764)
	at org.apache.catalina.core.ApplicationFilterChain.internalDoFilter(ApplicationFilterChain.java:227)
	at org.apache.catalina.core.ApplicationFilterChain.doFilter(ApplicationFilterChain.java:162)
	at org.apache.tomcat.websocket.server.WsFilter.doFilter(WsFilter.java:53)
	at org.apache.catalina.core.ApplicationFilterChain.internalDoFilter(ApplicationFilterChain.java:189)
	at org.apache.catalina.core.ApplicationFilterChain.doFilter(ApplicationFilterChain.java:162)
	at org.springframework.web.filter.RequestContextFilter.doFilterInternal(RequestContextFilter.java:100)
	at org.springframework.web.filter.OncePerRequestFilter.doFilter(OncePerRequestFilter.java:117)
	at org.apache.catalina.core.ApplicationFilterChain.internalDoFilter(ApplicationFilterChain.java:189)
	at org.apache.catalina.core.ApplicationFilterChain.doFilter(ApplicationFilterChain.java:162)
	at org.springframework.web.filter.FormContentFilter.doFilterInternal(FormContentFilter.java:93)
	at org.springframework.web.filter.OncePerRequestFilter.doFilter(OncePerRequestFilter.java:117)
	at org.apache.catalina.core.ApplicationFilterChain.internalDoFilter(ApplicationFilterChain.java:189)
	at org.apache.catalina.core.ApplicationFilterChain.doFilter(ApplicationFilterChain.java:162)
	at org.springframework.web.filter.CharacterEncodingFilter.doFilterInternal(CharacterEncodingFilter.java:201)
	at org.springframework.web.filter.OncePerRequestFilter.doFilter(OncePerRequestFilter.java:117)
	at org.apache.catalina.core.ApplicationFilterChain.internalDoFilter(ApplicationFilterChain.java:189)
	at org.apache.catalina.core.ApplicationFilterChain.doFilter(ApplicationFilterChain.java:162)
	at org.apache.catalina.core.StandardWrapperValve.invoke(StandardWrapperValve.java:197)
	at org.apache.catalina.core.StandardContextValve.invoke(StandardContextValve.java:97)
	at org.apache.catalina.authenticator.AuthenticatorBase.invoke(AuthenticatorBase.java:541)
	at org.apache.catalina.core.StandardHostValve.invoke(StandardHostValve.java:135)
	at org.apache.catalina.valves.ErrorReportValve.invoke(ErrorReportValve.java:92)
	at org.apache.catalina.core.StandardEngineValve.invoke(StandardEngineValve.java:78)
	at org.apache.catalina.connector.CoyoteAdapter.service(CoyoteAdapter.java:360)
	at org.apache.coyote.http11.Http11Processor.service(Http11Processor.java:399)
	at org.apache.coyote.AbstractProcessorLight.process(AbstractProcessorLight.java:65)
	at org.apache.coyote.AbstractProtocol$ConnectionHandler.process(AbstractProtocol.java:890)
	at org.apache.tomcat.util.net.NioEndpoint$SocketProcessor.doRun(NioEndpoint.java:1743)
	at org.apache.tomcat.util.net.SocketProcessorBase.run(SocketProcessorBase.java:49)
	at org.apache.tomcat.util.threads.ThreadPoolExecutor.runWorker(ThreadPoolExecutor.java:1191)
	at org.apache.tomcat.util.threads.ThreadPoolExecutor$Worker.run(ThreadPoolExecutor.java:659)
	at org.apache.tomcat.util.threads.TaskThread$WrappingRunnable.run(TaskThread.java:61)
	at java.base/java.lang.Thread.run(Thread.java:833)
2022-06-02 20:08:35,901 INFO com.bigshots.spabackend.ApiControllers [http-nio-8080-exec-7] get request for answer: 130
2022-06-02 20:08:35,902 ERROR org.apache.juli.logging.DirectJDKLog [http-nio-8080-exec-7] Servlet.service() for servlet [dispatcherServlet] in context with path [] threw exception [Request processing failed; nested exception is java.lang.ArrayIndexOutOfBoundsException: Index 130 out of bounds for length 130] with root cause
java.lang.ArrayIndexOutOfBoundsException: Index 130 out of bounds for length 130
	at com.bigshots.spabackend.ApiControllers.getJokeAnswer(ApiControllers.java:104)
	at java.base/jdk.internal.reflect.NativeMethodAccessorImpl.invoke0(Native Method)
	at java.base/jdk.internal.reflect.NativeMethodAccessorImpl.invoke(NativeMethodAccessorImpl.java:77)
	at java.base/jdk.internal.reflect.DelegatingMethodAccessorImpl.invoke(DelegatingMethodAccessorImpl.java:43)
	at java.base/java.lang.reflect.Method.invoke(Method.java:568)
	at org.springframework.web.method.support.InvocableHandlerMethod.doInvoke(InvocableHandlerMethod.java:205)
	at org.springframework.web.method.support.InvocableHandlerMethod.invokeForRequest(InvocableHandlerMethod.java:150)
	at org.springframework.web.servlet.mvc.method.annotation.ServletInvocableHandlerMethod.invokeAndHandle(ServletInvocableHandlerMethod.java:117)
	at org.springframework.web.servlet.mvc.method.annotation.RequestMappingHandlerAdapter.invokeHandlerMethod(RequestMappingHandlerAdapter.java:895)
	at org.springframework.web.servlet.mvc.method.annotation.RequestMappingHandlerAdapter.handleInternal(RequestMappingHandlerAdapter.java:808)
	at org.springframework.web.servlet.mvc.method.AbstractHandlerMethodAdapter.handle(AbstractHandlerMethodAdapter.java:87)
	at org.springframework.web.servlet.DispatcherServlet.doDispatch(DispatcherServlet.java:1067)
	at org.springframework.web.servlet.DispatcherServlet.doService(DispatcherServlet.java:963)
	at org.springframework.web.servlet.FrameworkServlet.processRequest(FrameworkServlet.java:1006)
	at org.springframework.web.servlet.FrameworkServlet.doGet(FrameworkServlet.java:898)
	at javax.servlet.http.HttpServlet.service(HttpServlet.java:655)
	at org.springframework.web.servlet.FrameworkServlet.service(FrameworkServlet.java:883)
	at javax.servlet.http.HttpServlet.service(HttpServlet.java:764)
	at org.apache.catalina.core.ApplicationFilterChain.internalDoFilter(ApplicationFilterChain.java:227)
	at org.apache.catalina.core.ApplicationFilterChain.doFilter(ApplicationFilterChain.java:162)
	at org.apache.tomcat.websocket.server.WsFilter.doFilter(WsFilter.java:53)
	at org.apache.catalina.core.ApplicationFilterChain.internalDoFilter(ApplicationFilterChain.java:189)
	at org.apache.catalina.core.ApplicationFilterChain.doFilter(ApplicationFilterChain.java:162)
	at org.springframework.web.filter.RequestContextFilter.doFilterInternal(RequestContextFilter.java:100)
	at org.springframework.web.filter.OncePerRequestFilter.doFilter(OncePerRequestFilter.java:117)
	at org.apache.catalina.core.ApplicationFilterChain.internalDoFilter(ApplicationFilterChain.java:189)
	at org.apache.catalina.core.ApplicationFilterChain.doFilter(ApplicationFilterChain.java:162)
	at org.springframework.web.filter.FormContentFilter.doFilterInternal(FormContentFilter.java:93)
	at org.springframework.web.filter.OncePerRequestFilter.doFilter(OncePerRequestFilter.java:117)
	at org.apache.catalina.core.ApplicationFilterChain.internalDoFilter(ApplicationFilterChain.java:189)
	at org.apache.catalina.core.ApplicationFilterChain.doFilter(ApplicationFilterChain.java:162)
	at org.springframework.web.filter.CharacterEncodingFilter.doFilterInternal(CharacterEncodingFilter.java:201)
	at org.springframework.web.filter.OncePerRequestFilter.doFilter(OncePerRequestFilter.java:117)
	at org.apache.catalina.core.ApplicationFilterChain.internalDoFilter(ApplicationFilterChain.java:189)
	at org.apache.catalina.core.ApplicationFilterChain.doFilter(ApplicationFilterChain.java:162)
	at org.apache.catalina.core.StandardWrapperValve.invoke(StandardWrapperValve.java:197)
	at org.apache.catalina.core.StandardContextValve.invoke(StandardContextValve.java:97)
	at org.apache.catalina.authenticator.AuthenticatorBase.invoke(AuthenticatorBase.java:541)
	at org.apache.catalina.core.StandardHostValve.invoke(StandardHostValve.java:135)
	at org.apache.catalina.valves.ErrorReportValve.invoke(ErrorReportValve.java:92)
	at org.apache.catalina.core.StandardEngineValve.invoke(StandardEngineValve.java:78)
	at org.apache.catalina.connector.CoyoteAdapter.service(CoyoteAdapter.java:360)
	at org.apache.coyote.http11.Http11Processor.service(Http11Processor.java:399)
	at org.apache.coyote.AbstractProcessorLight.process(AbstractProcessorLight.java:65)
	at org.apache.coyote.AbstractProtocol$ConnectionHandler.process(AbstractProtocol.java:890)
	at org.apache.tomcat.util.net.NioEndpoint$SocketProcessor.doRun(NioEndpoint.java:1743)
	at org.apache.tomcat.util.net.SocketProcessorBase.run(SocketProcessorBase.java:49)
	at org.apache.tomcat.util.threads.ThreadPoolExecutor.runWorker(ThreadPoolExecutor.java:1191)
	at org.apache.tomcat.util.threads.ThreadPoolExecutor$Worker.run(ThreadPoolExecutor.java:659)
	at org.apache.tomcat.util.threads.TaskThread$WrappingRunnable.run(TaskThread.java:61)
	at java.base/java.lang.Thread.run(Thread.java:833)
2022-06-02 20:08:40,650 INFO com.bigshots.spabackend.ApiControllers [http-nio-8080-exec-8] get request for answer: 110
2022-06-02 20:09:10,677 INFO com.bigshots.spabackend.LoggingController [http-nio-8080-exec-9] An INFO Message
2022-06-02 20:09:10,677 WARN com.bigshots.spabackend.LoggingController [http-nio-8080-exec-9] A WARN Message
2022-06-02 20:09:10,678 ERROR com.bigshots.spabackend.LoggingController [http-nio-8080-exec-9] An ERROR Message
2022-06-02 20:18:34,663 INFO org.springframework.boot.StartupInfoLogger [main] Starting SpaBackendApplication using Java 17.0.2 on DESKTOP-7RDIST4 with PID 6860 (C:\Users\andre\eclipse-group-workspace\spa-backend\target\classes started by andre in C:\Users\andre\eclipse-group-workspace\spa-backend)
2022-06-02 20:18:34,666 INFO org.springframework.boot.SpringApplication [main] No active profile set, falling back to 1 default profile: "default"
2022-06-02 20:18:35,663 INFO org.springframework.boot.web.embedded.tomcat.TomcatWebServer [main] Tomcat initialized with port(s): 8080 (http)
2022-06-02 20:18:35,665 INFO org.apache.juli.logging.DirectJDKLog [main] Loaded Apache Tomcat Native library [1.2.32] using APR version [1.7.0].
2022-06-02 20:18:35,665 INFO org.apache.juli.logging.DirectJDKLog [main] APR capabilities: IPv6 [true], sendfile [true], accept filters [false], random [true], UDS [true].
2022-06-02 20:18:35,665 INFO org.apache.juli.logging.DirectJDKLog [main] APR/OpenSSL configuration: useAprConnector [false], useOpenSSL [true]
2022-06-02 20:18:35,669 INFO org.apache.juli.logging.DirectJDKLog [main] OpenSSL successfully initialized [OpenSSL 1.1.1n  15 Mar 2022]
2022-06-02 20:18:35,678 INFO org.apache.juli.logging.DirectJDKLog [main] Initializing ProtocolHandler ["http-nio-8080"]
2022-06-02 20:18:35,678 INFO org.apache.juli.logging.DirectJDKLog [main] Starting service [Tomcat]
2022-06-02 20:18:35,678 INFO org.apache.juli.logging.DirectJDKLog [main] Starting Servlet engine: [Apache Tomcat/9.0.63]
2022-06-02 20:18:35,777 INFO org.apache.juli.logging.DirectJDKLog [main] Initializing Spring embedded WebApplicationContext
2022-06-02 20:18:35,777 INFO org.springframework.boot.web.servlet.context.ServletWebServerApplicationContext [main] Root WebApplicationContext: initialization completed in 1062 ms
2022-06-02 20:18:36,171 INFO org.apache.juli.logging.DirectJDKLog [main] Starting ProtocolHandler ["http-nio-8080"]
2022-06-02 20:18:36,180 WARN org.springframework.context.support.AbstractApplicationContext [main] Exception encountered during context initialization - cancelling refresh attempt: org.springframework.context.ApplicationContextException: Failed to start bean 'webServerStartStop'; nested exception is org.springframework.boot.web.server.PortInUseException: Port 8080 is already in use
2022-06-02 20:18:36,183 INFO org.apache.juli.logging.DirectJDKLog [main] Pausing ProtocolHandler ["http-nio-8080"]
2022-06-02 20:18:36,184 INFO org.apache.juli.logging.DirectJDKLog [main] Stopping service [Tomcat]
2022-06-02 20:18:36,196 INFO org.apache.juli.logging.DirectJDKLog [main] Stopping ProtocolHandler ["http-nio-8080"]
2022-06-02 20:18:36,197 INFO org.apache.juli.logging.DirectJDKLog [main] Destroying ProtocolHandler ["http-nio-8080"]
2022-06-02 20:18:36,204 INFO org.springframework.boot.autoconfigure.logging.ConditionEvaluationReportLoggingListener [main] 

Error starting ApplicationContext. To display the conditions report re-run your application with 'debug' enabled.
2022-06-02 20:18:36,229 ERROR org.springframework.boot.diagnostics.LoggingFailureAnalysisReporter [main] 

***************************
APPLICATION FAILED TO START
***************************

Description:

Web server failed to start. Port 8080 was already in use.

Action:

Identify and stop the process that's listening on port 8080 or configure this application to listen on another port.

2022-06-02 20:18:44,647 INFO org.springframework.boot.StartupInfoLogger [main] Starting SpaBackendApplication using Java 17.0.2 on DESKTOP-7RDIST4 with PID 16796 (C:\Users\andre\eclipse-group-workspace\spa-backend\target\classes started by andre in C:\Users\andre\eclipse-group-workspace\spa-backend)
2022-06-02 20:18:44,650 INFO org.springframework.boot.SpringApplication [main] No active profile set, falling back to 1 default profile: "default"
2022-06-02 20:18:45,680 INFO org.springframework.boot.web.embedded.tomcat.TomcatWebServer [main] Tomcat initialized with port(s): 8080 (http)
2022-06-02 20:18:45,681 INFO org.apache.juli.logging.DirectJDKLog [main] Loaded Apache Tomcat Native library [1.2.32] using APR version [1.7.0].
2022-06-02 20:18:45,682 INFO org.apache.juli.logging.DirectJDKLog [main] APR capabilities: IPv6 [true], sendfile [true], accept filters [false], random [true], UDS [true].
2022-06-02 20:18:45,682 INFO org.apache.juli.logging.DirectJDKLog [main] APR/OpenSSL configuration: useAprConnector [false], useOpenSSL [true]
2022-06-02 20:18:45,684 INFO org.apache.juli.logging.DirectJDKLog [main] OpenSSL successfully initialized [OpenSSL 1.1.1n  15 Mar 2022]
2022-06-02 20:18:45,693 INFO org.apache.juli.logging.DirectJDKLog [main] Initializing ProtocolHandler ["http-nio-8080"]
2022-06-02 20:18:45,694 INFO org.apache.juli.logging.DirectJDKLog [main] Starting service [Tomcat]
2022-06-02 20:18:45,694 INFO org.apache.juli.logging.DirectJDKLog [main] Starting Servlet engine: [Apache Tomcat/9.0.63]
2022-06-02 20:18:45,797 INFO org.apache.juli.logging.DirectJDKLog [main] Initializing Spring embedded WebApplicationContext
2022-06-02 20:18:45,798 INFO org.springframework.boot.web.servlet.context.ServletWebServerApplicationContext [main] Root WebApplicationContext: initialization completed in 1090 ms
2022-06-02 20:18:46,156 INFO org.apache.juli.logging.DirectJDKLog [main] Starting ProtocolHandler ["http-nio-8080"]
2022-06-02 20:18:46,183 INFO org.springframework.boot.web.embedded.tomcat.TomcatWebServer [main] Tomcat started on port(s): 8080 (http) with context path ''
2022-06-02 20:18:46,194 INFO org.springframework.boot.StartupInfoLogger [main] Started SpaBackendApplication in 1.917 seconds (JVM running for 2.434)
2022-06-02 20:19:45,665 INFO org.apache.juli.logging.DirectJDKLog [http-nio-8080-exec-1] Initializing Spring DispatcherServlet 'dispatcherServlet'
2022-06-02 20:19:45,666 INFO org.springframework.web.servlet.FrameworkServlet [http-nio-8080-exec-1] Initializing Servlet 'dispatcherServlet'
2022-06-02 20:19:45,666 INFO org.springframework.web.servlet.FrameworkServlet [http-nio-8080-exec-1] Completed initialization in 0 ms
2022-06-02 20:19:45,716 INFO com.bigshots.spabackend.ApiControllers [http-nio-8080-exec-1] get request a random joke
2022-06-02 20:28:44,096 INFO com.bigshots.spabackend.ApiControllers [http-nio-8080-exec-4] get request a random joke
2022-06-02 20:28:49,402 INFO com.bigshots.spabackend.LoggingController [http-nio-8080-exec-5] An INFO Message
2022-06-02 20:28:49,403 WARN com.bigshots.spabackend.LoggingController [http-nio-8080-exec-5] A WARN Message
2022-06-02 20:28:49,403 ERROR com.bigshots.spabackend.LoggingController [http-nio-8080-exec-5] An ERROR Message
2022-06-02 20:29:29,438 INFO com.bigshots.spabackend.ApiControllers [http-nio-8080-exec-6] get request for question: 5
2022-06-02 21:58:42,497 INFO org.springframework.test.context.support.AbstractTestContextBootstrapper [main] Neither @ContextConfiguration nor @ContextHierarchy found for test class [com.bigshots.spabackend.SpaBackendApplicationTests], using SpringBootContextLoader
2022-06-02 21:58:42,504 INFO org.springframework.test.context.support.AbstractContextLoader [main] Could not detect default resource locations for test class [com.bigshots.spabackend.SpaBackendApplicationTests]: no resource found for suffixes {-context.xml, Context.groovy}.
2022-06-02 21:58:42,505 INFO org.springframework.test.context.support.AnnotationConfigContextLoaderUtils [main] Could not detect default configuration classes for test class [com.bigshots.spabackend.SpaBackendApplicationTests]: SpaBackendApplicationTests does not declare any static, non-private, non-final, nested classes annotated with @Configuration.
2022-06-02 21:58:42,665 INFO org.springframework.boot.test.context.SpringBootTestContextBootstrapper [main] Found @SpringBootConfiguration com.bigshots.spabackend.SpaBackendApplication for test class com.bigshots.spabackend.SpaBackendApplicationTests
2022-06-02 21:58:42,813 INFO org.springframework.test.context.support.AbstractTestContextBootstrapper [main] Loaded default TestExecutionListener class names from location [META-INF/spring.factories]: [org.springframework.boot.test.mock.mockito.MockitoTestExecutionListener, org.springframework.boot.test.mock.mockito.ResetMocksTestExecutionListener, org.springframework.boot.test.autoconfigure.restdocs.RestDocsTestExecutionListener, org.springframework.boot.test.autoconfigure.web.client.MockRestServiceServerResetTestExecutionListener, org.springframework.boot.test.autoconfigure.web.servlet.MockMvcPrintOnlyOnFailureTestExecutionListener, org.springframework.boot.test.autoconfigure.web.servlet.WebDriverTestExecutionListener, org.springframework.boot.test.autoconfigure.webservices.client.MockWebServiceServerTestExecutionListener, org.springframework.test.context.web.ServletTestExecutionListener, org.springframework.test.context.support.DirtiesContextBeforeModesTestExecutionListener, org.springframework.test.context.event.ApplicationEventsTestExecutionListener, org.springframework.test.context.support.DependencyInjectionTestExecutionListener, org.springframework.test.context.support.DirtiesContextTestExecutionListener, org.springframework.test.context.transaction.TransactionalTestExecutionListener, org.springframework.test.context.jdbc.SqlScriptsTestExecutionListener, org.springframework.test.context.event.EventPublishingTestExecutionListener]
2022-06-02 21:58:42,829 INFO org.springframework.test.context.support.AbstractTestContextBootstrapper [main] Using TestExecutionListeners: [org.springframework.test.context.web.ServletTestExecutionListener@544630b7, org.springframework.test.context.support.DirtiesContextBeforeModesTestExecutionListener@64f857e7, org.springframework.test.context.event.ApplicationEventsTestExecutionListener@1095f122, org.springframework.boot.test.mock.mockito.MockitoTestExecutionListener@58c540cf, org.springframework.boot.test.autoconfigure.SpringBootDependencyInjectionTestExecutionListener@3d6300e8, org.springframework.test.context.support.DirtiesContextTestExecutionListener@1b822fcc, org.springframework.test.context.event.EventPublishingTestExecutionListener@24a1c17f, org.springframework.boot.test.mock.mockito.ResetMocksTestExecutionListener@56102e1c, org.springframework.boot.test.autoconfigure.restdocs.RestDocsTestExecutionListener@73511076, org.springframework.boot.test.autoconfigure.web.client.MockRestServiceServerResetTestExecutionListener@7927bd9f, org.springframework.boot.test.autoconfigure.web.servlet.MockMvcPrintOnlyOnFailureTestExecutionListener@532721fd, org.springframework.boot.test.autoconfigure.web.servlet.WebDriverTestExecutionListener@410954b, org.springframework.boot.test.autoconfigure.webservices.client.MockWebServiceServerTestExecutionListener@7fb9f71f]
2022-06-02 21:58:43,318 INFO org.springframework.boot.StartupInfoLogger [main] Starting SpaBackendApplicationTests using Java 17.0.2 on DESKTOP-7RDIST4 with PID 17960 (started by andre in C:\Users\andre\eclipse-group-workspace\spa-backend)
2022-06-02 21:58:43,322 INFO org.springframework.boot.SpringApplication [main] No active profile set, falling back to 1 default profile: "default"
2022-06-02 21:58:44,780 INFO org.springframework.boot.web.embedded.tomcat.TomcatWebServer [main] Tomcat initialized with port(s): 0 (http)
2022-06-02 21:58:44,781 INFO org.apache.juli.logging.DirectJDKLog [main] Loaded Apache Tomcat Native library [1.2.32] using APR version [1.7.0].
2022-06-02 21:58:44,782 INFO org.apache.juli.logging.DirectJDKLog [main] APR capabilities: IPv6 [true], sendfile [true], accept filters [false], random [true], UDS [true].
2022-06-02 21:58:44,782 INFO org.apache.juli.logging.DirectJDKLog [main] APR/OpenSSL configuration: useAprConnector [false], useOpenSSL [true]
2022-06-02 21:58:44,785 INFO org.apache.juli.logging.DirectJDKLog [main] OpenSSL successfully initialized [OpenSSL 1.1.1n  15 Mar 2022]
2022-06-02 21:58:44,796 INFO org.apache.juli.logging.DirectJDKLog [main] Initializing ProtocolHandler ["http-nio-auto-1"]
2022-06-02 21:58:44,797 INFO org.apache.juli.logging.DirectJDKLog [main] Starting service [Tomcat]
2022-06-02 21:58:44,797 INFO org.apache.juli.logging.DirectJDKLog [main] Starting Servlet engine: [Apache Tomcat/9.0.63]
2022-06-02 21:58:44,962 INFO org.apache.juli.logging.DirectJDKLog [main] Initializing Spring embedded WebApplicationContext
2022-06-02 21:58:44,963 INFO org.springframework.boot.web.servlet.context.ServletWebServerApplicationContext [main] Root WebApplicationContext: initialization completed in 1350 ms
2022-06-02 21:58:45,853 INFO org.apache.juli.logging.DirectJDKLog [main] Starting ProtocolHandler ["http-nio-auto-1"]
2022-06-02 21:58:45,871 INFO org.springframework.boot.web.embedded.tomcat.TomcatWebServer [main] Tomcat started on port(s): 50028 (http) with context path ''
2022-06-02 21:58:45,879 INFO org.springframework.boot.StartupInfoLogger [main] Started SpaBackendApplicationTests in 2.989 seconds (JVM running for 4.572)
2022-06-02 21:59:17,165 INFO org.springframework.test.context.support.AbstractTestContextBootstrapper [main] Neither @ContextConfiguration nor @ContextHierarchy found for test class [com.bigshots.spabackend.SpaBackendApplicationTests], using SpringBootContextLoader
2022-06-02 21:59:17,182 INFO org.springframework.test.context.support.AbstractContextLoader [main] Could not detect default resource locations for test class [com.bigshots.spabackend.SpaBackendApplicationTests]: no resource found for suffixes {-context.xml, Context.groovy}.
2022-06-02 21:59:17,185 INFO org.springframework.test.context.support.AnnotationConfigContextLoaderUtils [main] Could not detect default configuration classes for test class [com.bigshots.spabackend.SpaBackendApplicationTests]: SpaBackendApplicationTests does not declare any static, non-private, non-final, nested classes annotated with @Configuration.
2022-06-02 21:59:17,455 INFO org.springframework.boot.test.context.SpringBootTestContextBootstrapper [main] Found @SpringBootConfiguration com.bigshots.spabackend.SpaBackendApplication for test class com.bigshots.spabackend.SpaBackendApplicationTests
2022-06-02 21:59:17,664 INFO org.springframework.test.context.support.AbstractTestContextBootstrapper [main] Loaded default TestExecutionListener class names from location [META-INF/spring.factories]: [org.springframework.boot.test.mock.mockito.MockitoTestExecutionListener, org.springframework.boot.test.mock.mockito.ResetMocksTestExecutionListener, org.springframework.boot.test.autoconfigure.restdocs.RestDocsTestExecutionListener, org.springframework.boot.test.autoconfigure.web.client.MockRestServiceServerResetTestExecutionListener, org.springframework.boot.test.autoconfigure.web.servlet.MockMvcPrintOnlyOnFailureTestExecutionListener, org.springframework.boot.test.autoconfigure.web.servlet.WebDriverTestExecutionListener, org.springframework.boot.test.autoconfigure.webservices.client.MockWebServiceServerTestExecutionListener, org.springframework.test.context.web.ServletTestExecutionListener, org.springframework.test.context.support.DirtiesContextBeforeModesTestExecutionListener, org.springframework.test.context.event.ApplicationEventsTestExecutionListener, org.springframework.test.context.support.DependencyInjectionTestExecutionListener, org.springframework.test.context.support.DirtiesContextTestExecutionListener, org.springframework.test.context.transaction.TransactionalTestExecutionListener, org.springframework.test.context.jdbc.SqlScriptsTestExecutionListener, org.springframework.test.context.event.EventPublishingTestExecutionListener]
2022-06-02 21:59:17,688 INFO org.springframework.test.context.support.AbstractTestContextBootstrapper [main] Using TestExecutionListeners: [org.springframework.test.context.web.ServletTestExecutionListener@76ececd, org.springframework.test.context.support.DirtiesContextBeforeModesTestExecutionListener@7affc159, org.springframework.test.context.event.ApplicationEventsTestExecutionListener@1682c08c, org.springframework.boot.test.mock.mockito.MockitoTestExecutionListener@3fd05b3e, org.springframework.boot.test.autoconfigure.SpringBootDependencyInjectionTestExecutionListener@4eb9f2af, org.springframework.test.context.support.DirtiesContextTestExecutionListener@4a481728, org.springframework.test.context.event.EventPublishingTestExecutionListener@4ace284d, org.springframework.boot.test.mock.mockito.ResetMocksTestExecutionListener@77fa9381, org.springframework.boot.test.autoconfigure.restdocs.RestDocsTestExecutionListener@76d72b5b, org.springframework.boot.test.autoconfigure.web.client.MockRestServiceServerResetTestExecutionListener@7cac93fe, org.springframework.boot.test.autoconfigure.web.servlet.MockMvcPrintOnlyOnFailureTestExecutionListener@479b5066, org.springframework.boot.test.autoconfigure.web.servlet.WebDriverTestExecutionListener@64deb58f, org.springframework.boot.test.autoconfigure.webservices.client.MockWebServiceServerTestExecutionListener@2b1cd7bc]
2022-06-02 21:59:18,284 INFO org.springframework.boot.StartupInfoLogger [main] Starting SpaBackendApplicationTests using Java 17.0.2 on DESKTOP-7RDIST4 with PID 15868 (started by andre in C:\Users\andre\eclipse-group-workspace\spa-backend)
2022-06-02 21:59:18,285 INFO org.springframework.boot.SpringApplication [main] No active profile set, falling back to 1 default profile: "default"
2022-06-02 21:59:20,936 INFO org.springframework.boot.web.embedded.tomcat.TomcatWebServer [main] Tomcat initialized with port(s): 0 (http)
2022-06-02 21:59:20,938 INFO org.apache.juli.logging.DirectJDKLog [main] Loaded Apache Tomcat Native library [1.2.32] using APR version [1.7.0].
2022-06-02 21:59:20,939 INFO org.apache.juli.logging.DirectJDKLog [main] APR capabilities: IPv6 [true], sendfile [true], accept filters [false], random [true], UDS [true].
2022-06-02 21:59:20,941 INFO org.apache.juli.logging.DirectJDKLog [main] APR/OpenSSL configuration: useAprConnector [false], useOpenSSL [true]
2022-06-02 21:59:20,945 INFO org.apache.juli.logging.DirectJDKLog [main] OpenSSL successfully initialized [OpenSSL 1.1.1n  15 Mar 2022]
2022-06-02 21:59:20,982 INFO org.apache.juli.logging.DirectJDKLog [main] Initializing ProtocolHandler ["http-nio-auto-1"]
2022-06-02 21:59:20,983 INFO org.apache.juli.logging.DirectJDKLog [main] Starting service [Tomcat]
2022-06-02 21:59:20,984 INFO org.apache.juli.logging.DirectJDKLog [main] Starting Servlet engine: [Apache Tomcat/9.0.63]
2022-06-02 21:59:21,238 INFO org.apache.juli.logging.DirectJDKLog [main] Initializing Spring embedded WebApplicationContext
2022-06-02 21:59:21,239 INFO org.springframework.boot.web.servlet.context.ServletWebServerApplicationContext [main] Root WebApplicationContext: initialization completed in 2303 ms
2022-06-02 21:59:22,438 INFO org.apache.juli.logging.DirectJDKLog [main] Starting ProtocolHandler ["http-nio-auto-1"]
2022-06-02 21:59:22,474 INFO org.springframework.boot.web.embedded.tomcat.TomcatWebServer [main] Tomcat started on port(s): 54700 (http) with context path ''
2022-06-02 21:59:22,488 INFO org.springframework.boot.StartupInfoLogger [main] Started SpaBackendApplicationTests in 4.724 seconds (JVM running for 6.919)
